[2026-06-18T07:52:51.241+0000] {processor.py:161} INFO - Started process (PID=230) to work on /opt/airflow/dags/main.py
[2026-06-18T07:52:51.242+0000] {processor.py:830} INFO - Processing file /opt/airflow/dags/main.py for tasks to queue
[2026-06-18T07:52:51.244+0000] {logging_mixin.py:188} INFO - [2026-06-18T07:52:51.243+0000] {dagbag.py:545} INFO - Filling up the DagBag from /opt/airflow/dags/main.py
[2026-06-18T07:52:51.308+0000] {logging_mixin.py:188} INFO - [2026-06-18T07:52:51.307+0000] {dagbag.py:355} ERROR - Failed to import: /opt/airflow/dags/main.py
Traceback (most recent call last):
  File "/home/airflow/.local/lib/python3.10/site-packages/airflow/models/dagbag.py", line 351, in parse
    loader.exec_module(new_module)
  File "<frozen importlib._bootstrap_external>", line 883, in exec_module
  File "<frozen importlib._bootstrap>", line 241, in _call_with_frames_removed
  File "/opt/airflow/dags/main.py", line 4, in <module>
    from api.movies_stats import get_movies_stats, save_to_json
  File "/opt/airflow/dags/api/movies_stats.py", line 8, in <module>
    API_TOKEN = Variable.get("API_TOKEN")
  File "/home/airflow/.local/lib/python3.10/site-packages/airflow/models/variable.py", line 143, in get
    raise KeyError(f"Variable {key} does not exist")
KeyError: 'Variable API_TOKEN does not exist'
[2026-06-18T07:52:51.309+0000] {processor.py:842} WARNING - No viable dags retrieved from /opt/airflow/dags/main.py
[2026-06-18T07:52:51.320+0000] {processor.py:183} INFO - Processing /opt/airflow/dags/main.py took 0.087 seconds
[2026-06-18T07:53:21.426+0000] {processor.py:161} INFO - Started process (PID=237) to work on /opt/airflow/dags/main.py
[2026-06-18T07:53:21.427+0000] {processor.py:830} INFO - Processing file /opt/airflow/dags/main.py for tasks to queue
[2026-06-18T07:53:21.428+0000] {logging_mixin.py:188} INFO - [2026-06-18T07:53:21.428+0000] {dagbag.py:545} INFO - Filling up the DagBag from /opt/airflow/dags/main.py
[2026-06-18T07:53:21.458+0000] {logging_mixin.py:188} INFO - [2026-06-18T07:53:21.457+0000] {dagbag.py:355} ERROR - Failed to import: /opt/airflow/dags/main.py
Traceback (most recent call last):
  File "/home/airflow/.local/lib/python3.10/site-packages/airflow/models/dagbag.py", line 351, in parse
    loader.exec_module(new_module)
  File "<frozen importlib._bootstrap_external>", line 883, in exec_module
  File "<frozen importlib._bootstrap>", line 241, in _call_with_frames_removed
  File "/opt/airflow/dags/main.py", line 4, in <module>
    from api.movies_stats import get_movies_stats, save_to_json
  File "/opt/airflow/dags/api/movies_stats.py", line 8, in <module>
    API_TOKEN = Variable.get("API_TOKEN")
  File "/home/airflow/.local/lib/python3.10/site-packages/airflow/models/variable.py", line 143, in get
    raise KeyError(f"Variable {key} does not exist")
KeyError: 'Variable API_TOKEN does not exist'
[2026-06-18T07:53:21.458+0000] {processor.py:842} WARNING - No viable dags retrieved from /opt/airflow/dags/main.py
[2026-06-18T07:53:21.467+0000] {processor.py:183} INFO - Processing /opt/airflow/dags/main.py took 0.053 seconds
[2026-06-18T07:53:38.565+0000] {processor.py:161} INFO - Started process (PID=244) to work on /opt/airflow/dags/main.py
[2026-06-18T07:53:38.566+0000] {processor.py:830} INFO - Processing file /opt/airflow/dags/main.py for tasks to queue
[2026-06-18T07:53:38.568+0000] {logging_mixin.py:188} INFO - [2026-06-18T07:53:38.568+0000] {dagbag.py:545} INFO - Filling up the DagBag from /opt/airflow/dags/main.py
[2026-06-18T07:53:38.600+0000] {logging_mixin.py:188} INFO - [2026-06-18T07:53:38.599+0000] {dagbag.py:355} ERROR - Failed to import: /opt/airflow/dags/main.py
Traceback (most recent call last):
  File "/home/airflow/.local/lib/python3.10/site-packages/airflow/models/dagbag.py", line 351, in parse
    loader.exec_module(new_module)
  File "<frozen importlib._bootstrap_external>", line 883, in exec_module
  File "<frozen importlib._bootstrap>", line 241, in _call_with_frames_removed
  File "/opt/airflow/dags/main.py", line 4, in <module>
    from api.movies_stats import get_movies_stats, save_to_json
  File "/opt/airflow/dags/api/movies_stats.py", line 8, in <module>
    API_TOKEN = Variable.get("API_TOKEN")
  File "/home/airflow/.local/lib/python3.10/site-packages/airflow/models/variable.py", line 143, in get
    raise KeyError(f"Variable {key} does not exist")
KeyError: 'Variable API_TOKEN does not exist'
[2026-06-18T07:53:38.600+0000] {processor.py:842} WARNING - No viable dags retrieved from /opt/airflow/dags/main.py
[2026-06-18T07:53:38.611+0000] {processor.py:183} INFO - Processing /opt/airflow/dags/main.py took 0.051 seconds
[2026-06-18T07:54:08.753+0000] {processor.py:161} INFO - Started process (PID=251) to work on /opt/airflow/dags/main.py
[2026-06-18T07:54:08.754+0000] {processor.py:830} INFO - Processing file /opt/airflow/dags/main.py for tasks to queue
[2026-06-18T07:54:08.755+0000] {logging_mixin.py:188} INFO - [2026-06-18T07:54:08.755+0000] {dagbag.py:545} INFO - Filling up the DagBag from /opt/airflow/dags/main.py
[2026-06-18T07:54:08.786+0000] {logging_mixin.py:188} INFO - [2026-06-18T07:54:08.785+0000] {dagbag.py:355} ERROR - Failed to import: /opt/airflow/dags/main.py
Traceback (most recent call last):
  File "/home/airflow/.local/lib/python3.10/site-packages/airflow/models/dagbag.py", line 351, in parse
    loader.exec_module(new_module)
  File "<frozen importlib._bootstrap_external>", line 883, in exec_module
  File "<frozen importlib._bootstrap>", line 241, in _call_with_frames_removed
  File "/opt/airflow/dags/main.py", line 4, in <module>
    from api.movies_stats import get_movies_stats, save_to_json
  File "/opt/airflow/dags/api/movies_stats.py", line 8, in <module>
    API_TOKEN = Variable.get("API_TOKEN")
  File "/home/airflow/.local/lib/python3.10/site-packages/airflow/models/variable.py", line 143, in get
    raise KeyError(f"Variable {key} does not exist")
KeyError: 'Variable API_TOKEN does not exist'
[2026-06-18T07:54:08.786+0000] {processor.py:842} WARNING - No viable dags retrieved from /opt/airflow/dags/main.py
[2026-06-18T07:54:08.796+0000] {processor.py:183} INFO - Processing /opt/airflow/dags/main.py took 0.050 seconds
[2026-06-18T07:54:38.924+0000] {processor.py:161} INFO - Started process (PID=258) to work on /opt/airflow/dags/main.py
[2026-06-18T07:54:38.925+0000] {processor.py:830} INFO - Processing file /opt/airflow/dags/main.py for tasks to queue
[2026-06-18T07:54:38.926+0000] {logging_mixin.py:188} INFO - [2026-06-18T07:54:38.926+0000] {dagbag.py:545} INFO - Filling up the DagBag from /opt/airflow/dags/main.py
[2026-06-18T07:54:38.958+0000] {logging_mixin.py:188} INFO - [2026-06-18T07:54:38.957+0000] {dagbag.py:355} ERROR - Failed to import: /opt/airflow/dags/main.py
Traceback (most recent call last):
  File "/home/airflow/.local/lib/python3.10/site-packages/airflow/models/dagbag.py", line 351, in parse
    loader.exec_module(new_module)
  File "<frozen importlib._bootstrap_external>", line 883, in exec_module
  File "<frozen importlib._bootstrap>", line 241, in _call_with_frames_removed
  File "/opt/airflow/dags/main.py", line 4, in <module>
    from api.movies_stats import get_movies_stats, save_to_json
  File "/opt/airflow/dags/api/movies_stats.py", line 8, in <module>
    API_TOKEN = Variable.get("API_TOKEN")
  File "/home/airflow/.local/lib/python3.10/site-packages/airflow/models/variable.py", line 143, in get
    raise KeyError(f"Variable {key} does not exist")
KeyError: 'Variable API_TOKEN does not exist'
[2026-06-18T07:54:38.958+0000] {processor.py:842} WARNING - No viable dags retrieved from /opt/airflow/dags/main.py
[2026-06-18T07:54:38.968+0000] {processor.py:183} INFO - Processing /opt/airflow/dags/main.py took 0.054 seconds
[2026-06-18T07:55:09.115+0000] {processor.py:161} INFO - Started process (PID=265) to work on /opt/airflow/dags/main.py
[2026-06-18T07:55:09.115+0000] {processor.py:830} INFO - Processing file /opt/airflow/dags/main.py for tasks to queue
[2026-06-18T07:55:09.117+0000] {logging_mixin.py:188} INFO - [2026-06-18T07:55:09.116+0000] {dagbag.py:545} INFO - Filling up the DagBag from /opt/airflow/dags/main.py
[2026-06-18T07:55:09.145+0000] {logging_mixin.py:188} INFO - [2026-06-18T07:55:09.144+0000] {dagbag.py:355} ERROR - Failed to import: /opt/airflow/dags/main.py
Traceback (most recent call last):
  File "/home/airflow/.local/lib/python3.10/site-packages/airflow/models/dagbag.py", line 351, in parse
    loader.exec_module(new_module)
  File "<frozen importlib._bootstrap_external>", line 883, in exec_module
  File "<frozen importlib._bootstrap>", line 241, in _call_with_frames_removed
  File "/opt/airflow/dags/main.py", line 4, in <module>
    from api.movies_stats import get_movies_stats, save_to_json
  File "/opt/airflow/dags/api/movies_stats.py", line 8, in <module>
    API_TOKEN = Variable.get("API_TOKEN")
  File "/home/airflow/.local/lib/python3.10/site-packages/airflow/models/variable.py", line 143, in get
    raise KeyError(f"Variable {key} does not exist")
KeyError: 'Variable API_TOKEN does not exist'
[2026-06-18T07:55:09.145+0000] {processor.py:842} WARNING - No viable dags retrieved from /opt/airflow/dags/main.py
[2026-06-18T07:55:09.156+0000] {processor.py:183} INFO - Processing /opt/airflow/dags/main.py took 0.053 seconds
[2026-06-18T07:55:39.270+0000] {processor.py:161} INFO - Started process (PID=272) to work on /opt/airflow/dags/main.py
[2026-06-18T07:55:39.270+0000] {processor.py:830} INFO - Processing file /opt/airflow/dags/main.py for tasks to queue
[2026-06-18T07:55:39.272+0000] {logging_mixin.py:188} INFO - [2026-06-18T07:55:39.271+0000] {dagbag.py:545} INFO - Filling up the DagBag from /opt/airflow/dags/main.py
[2026-06-18T07:55:39.302+0000] {logging_mixin.py:188} INFO - [2026-06-18T07:55:39.301+0000] {dagbag.py:355} ERROR - Failed to import: /opt/airflow/dags/main.py
Traceback (most recent call last):
  File "/home/airflow/.local/lib/python3.10/site-packages/airflow/models/dagbag.py", line 351, in parse
    loader.exec_module(new_module)
  File "<frozen importlib._bootstrap_external>", line 883, in exec_module
  File "<frozen importlib._bootstrap>", line 241, in _call_with_frames_removed
  File "/opt/airflow/dags/main.py", line 4, in <module>
    from api.movies_stats import get_movies_stats, save_to_json
  File "/opt/airflow/dags/api/movies_stats.py", line 8, in <module>
    API_TOKEN = Variable.get("API_TOKEN")
  File "/home/airflow/.local/lib/python3.10/site-packages/airflow/models/variable.py", line 143, in get
    raise KeyError(f"Variable {key} does not exist")
KeyError: 'Variable API_TOKEN does not exist'
[2026-06-18T07:55:39.302+0000] {processor.py:842} WARNING - No viable dags retrieved from /opt/airflow/dags/main.py
[2026-06-18T07:55:39.313+0000] {processor.py:183} INFO - Processing /opt/airflow/dags/main.py took 0.050 seconds
[2026-06-18T07:56:09.450+0000] {processor.py:161} INFO - Started process (PID=279) to work on /opt/airflow/dags/main.py
[2026-06-18T07:56:09.451+0000] {processor.py:830} INFO - Processing file /opt/airflow/dags/main.py for tasks to queue
[2026-06-18T07:56:09.453+0000] {logging_mixin.py:188} INFO - [2026-06-18T07:56:09.452+0000] {dagbag.py:545} INFO - Filling up the DagBag from /opt/airflow/dags/main.py
[2026-06-18T07:56:09.481+0000] {logging_mixin.py:188} INFO - [2026-06-18T07:56:09.480+0000] {dagbag.py:355} ERROR - Failed to import: /opt/airflow/dags/main.py
Traceback (most recent call last):
  File "/home/airflow/.local/lib/python3.10/site-packages/airflow/models/dagbag.py", line 351, in parse
    loader.exec_module(new_module)
  File "<frozen importlib._bootstrap_external>", line 883, in exec_module
  File "<frozen importlib._bootstrap>", line 241, in _call_with_frames_removed
  File "/opt/airflow/dags/main.py", line 4, in <module>
    from api.movies_stats import get_movies_stats, save_to_json
  File "/opt/airflow/dags/api/movies_stats.py", line 8, in <module>
    API_TOKEN = Variable.get("API_TOKEN")
  File "/home/airflow/.local/lib/python3.10/site-packages/airflow/models/variable.py", line 143, in get
    raise KeyError(f"Variable {key} does not exist")
KeyError: 'Variable API_TOKEN does not exist'
[2026-06-18T07:56:09.482+0000] {processor.py:842} WARNING - No viable dags retrieved from /opt/airflow/dags/main.py
[2026-06-18T07:56:09.491+0000] {processor.py:183} INFO - Processing /opt/airflow/dags/main.py took 0.046 seconds
[2026-06-18T07:56:39.603+0000] {processor.py:161} INFO - Started process (PID=286) to work on /opt/airflow/dags/main.py
[2026-06-18T07:56:39.604+0000] {processor.py:830} INFO - Processing file /opt/airflow/dags/main.py for tasks to queue
[2026-06-18T07:56:39.605+0000] {logging_mixin.py:188} INFO - [2026-06-18T07:56:39.605+0000] {dagbag.py:545} INFO - Filling up the DagBag from /opt/airflow/dags/main.py
[2026-06-18T07:56:39.634+0000] {logging_mixin.py:188} INFO - [2026-06-18T07:56:39.633+0000] {dagbag.py:355} ERROR - Failed to import: /opt/airflow/dags/main.py
Traceback (most recent call last):
  File "/home/airflow/.local/lib/python3.10/site-packages/airflow/models/dagbag.py", line 351, in parse
    loader.exec_module(new_module)
  File "<frozen importlib._bootstrap_external>", line 883, in exec_module
  File "<frozen importlib._bootstrap>", line 241, in _call_with_frames_removed
  File "/opt/airflow/dags/main.py", line 4, in <module>
    from api.movies_stats import get_movies_stats, save_to_json
  File "/opt/airflow/dags/api/movies_stats.py", line 8, in <module>
    API_TOKEN = Variable.get("API_TOKEN")
  File "/home/airflow/.local/lib/python3.10/site-packages/airflow/models/variable.py", line 143, in get
    raise KeyError(f"Variable {key} does not exist")
KeyError: 'Variable API_TOKEN does not exist'
[2026-06-18T07:56:39.634+0000] {processor.py:842} WARNING - No viable dags retrieved from /opt/airflow/dags/main.py
[2026-06-18T07:56:39.645+0000] {processor.py:183} INFO - Processing /opt/airflow/dags/main.py took 0.048 seconds
[2026-06-18T07:57:09.789+0000] {processor.py:161} INFO - Started process (PID=293) to work on /opt/airflow/dags/main.py
[2026-06-18T07:57:09.790+0000] {processor.py:830} INFO - Processing file /opt/airflow/dags/main.py for tasks to queue
[2026-06-18T07:57:09.791+0000] {logging_mixin.py:188} INFO - [2026-06-18T07:57:09.791+0000] {dagbag.py:545} INFO - Filling up the DagBag from /opt/airflow/dags/main.py
[2026-06-18T07:57:09.819+0000] {logging_mixin.py:188} INFO - [2026-06-18T07:57:09.818+0000] {dagbag.py:355} ERROR - Failed to import: /opt/airflow/dags/main.py
Traceback (most recent call last):
  File "/home/airflow/.local/lib/python3.10/site-packages/airflow/models/dagbag.py", line 351, in parse
    loader.exec_module(new_module)
  File "<frozen importlib._bootstrap_external>", line 883, in exec_module
  File "<frozen importlib._bootstrap>", line 241, in _call_with_frames_removed
  File "/opt/airflow/dags/main.py", line 4, in <module>
    from api.movies_stats import get_movies_stats, save_to_json
  File "/opt/airflow/dags/api/movies_stats.py", line 8, in <module>
    API_TOKEN = Variable.get("API_TOKEN")
  File "/home/airflow/.local/lib/python3.10/site-packages/airflow/models/variable.py", line 143, in get
    raise KeyError(f"Variable {key} does not exist")
KeyError: 'Variable API_TOKEN does not exist'
[2026-06-18T07:57:09.819+0000] {processor.py:842} WARNING - No viable dags retrieved from /opt/airflow/dags/main.py
[2026-06-18T07:57:09.828+0000] {processor.py:183} INFO - Processing /opt/airflow/dags/main.py took 0.051 seconds
[2026-06-18T07:57:39.948+0000] {processor.py:161} INFO - Started process (PID=300) to work on /opt/airflow/dags/main.py
[2026-06-18T07:57:39.949+0000] {processor.py:830} INFO - Processing file /opt/airflow/dags/main.py for tasks to queue
[2026-06-18T07:57:39.951+0000] {logging_mixin.py:188} INFO - [2026-06-18T07:57:39.950+0000] {dagbag.py:545} INFO - Filling up the DagBag from /opt/airflow/dags/main.py
[2026-06-18T07:57:39.977+0000] {logging_mixin.py:188} INFO - [2026-06-18T07:57:39.977+0000] {dagbag.py:355} ERROR - Failed to import: /opt/airflow/dags/main.py
Traceback (most recent call last):
  File "/home/airflow/.local/lib/python3.10/site-packages/airflow/models/dagbag.py", line 351, in parse
    loader.exec_module(new_module)
  File "<frozen importlib._bootstrap_external>", line 883, in exec_module
  File "<frozen importlib._bootstrap>", line 241, in _call_with_frames_removed
  File "/opt/airflow/dags/main.py", line 4, in <module>
    from api.movies_stats import get_movies_stats, save_to_json
  File "/opt/airflow/dags/api/movies_stats.py", line 8, in <module>
    API_TOKEN = Variable.get("API_TOKEN")
  File "/home/airflow/.local/lib/python3.10/site-packages/airflow/models/variable.py", line 143, in get
    raise KeyError(f"Variable {key} does not exist")
KeyError: 'Variable API_TOKEN does not exist'
[2026-06-18T07:57:39.978+0000] {processor.py:842} WARNING - No viable dags retrieved from /opt/airflow/dags/main.py
[2026-06-18T07:57:39.987+0000] {processor.py:183} INFO - Processing /opt/airflow/dags/main.py took 0.049 seconds
[2026-06-18T07:58:10.121+0000] {processor.py:161} INFO - Started process (PID=307) to work on /opt/airflow/dags/main.py
[2026-06-18T07:58:10.122+0000] {processor.py:830} INFO - Processing file /opt/airflow/dags/main.py for tasks to queue
[2026-06-18T07:58:10.123+0000] {logging_mixin.py:188} INFO - [2026-06-18T07:58:10.123+0000] {dagbag.py:545} INFO - Filling up the DagBag from /opt/airflow/dags/main.py
[2026-06-18T07:58:10.150+0000] {logging_mixin.py:188} INFO - [2026-06-18T07:58:10.150+0000] {dagbag.py:355} ERROR - Failed to import: /opt/airflow/dags/main.py
Traceback (most recent call last):
  File "/home/airflow/.local/lib/python3.10/site-packages/airflow/models/dagbag.py", line 351, in parse
    loader.exec_module(new_module)
  File "<frozen importlib._bootstrap_external>", line 883, in exec_module
  File "<frozen importlib._bootstrap>", line 241, in _call_with_frames_removed
  File "/opt/airflow/dags/main.py", line 4, in <module>
    from api.movies_stats import get_movies_stats, save_to_json
  File "/opt/airflow/dags/api/movies_stats.py", line 8, in <module>
    API_TOKEN = Variable.get("API_TOKEN")
  File "/home/airflow/.local/lib/python3.10/site-packages/airflow/models/variable.py", line 143, in get
    raise KeyError(f"Variable {key} does not exist")
KeyError: 'Variable API_TOKEN does not exist'
[2026-06-18T07:58:10.151+0000] {processor.py:842} WARNING - No viable dags retrieved from /opt/airflow/dags/main.py
[2026-06-18T07:58:10.160+0000] {processor.py:183} INFO - Processing /opt/airflow/dags/main.py took 0.045 seconds
[2026-06-18T07:58:17.171+0000] {processor.py:161} INFO - Started process (PID=308) to work on /opt/airflow/dags/main.py
[2026-06-18T07:58:17.172+0000] {processor.py:830} INFO - Processing file /opt/airflow/dags/main.py for tasks to queue
[2026-06-18T07:58:17.173+0000] {logging_mixin.py:188} INFO - [2026-06-18T07:58:17.173+0000] {dagbag.py:545} INFO - Filling up the DagBag from /opt/airflow/dags/main.py
[2026-06-18T07:58:17.201+0000] {logging_mixin.py:188} INFO - [2026-06-18T07:58:17.200+0000] {dagbag.py:355} ERROR - Failed to import: /opt/airflow/dags/main.py
Traceback (most recent call last):
  File "/home/airflow/.local/lib/python3.10/site-packages/airflow/models/dagbag.py", line 351, in parse
    loader.exec_module(new_module)
  File "<frozen importlib._bootstrap_external>", line 883, in exec_module
  File "<frozen importlib._bootstrap>", line 241, in _call_with_frames_removed
  File "/opt/airflow/dags/main.py", line 4, in <module>
    from api.movies_stats import get_movies_stats, save_to_json
  File "/opt/airflow/dags/api/movies_stats.py", line 8, in <module>
    API_TOKEN = Variable.get("API_TOKEN")
  File "/home/airflow/.local/lib/python3.10/site-packages/airflow/models/variable.py", line 143, in get
    raise KeyError(f"Variable {key} does not exist")
KeyError: 'Variable API_TOKEN does not exist'
[2026-06-18T07:58:17.201+0000] {processor.py:842} WARNING - No viable dags retrieved from /opt/airflow/dags/main.py
[2026-06-18T07:58:17.211+0000] {processor.py:183} INFO - Processing /opt/airflow/dags/main.py took 0.046 seconds
[2026-06-18T07:58:47.370+0000] {processor.py:161} INFO - Started process (PID=315) to work on /opt/airflow/dags/main.py
[2026-06-18T07:58:47.371+0000] {processor.py:830} INFO - Processing file /opt/airflow/dags/main.py for tasks to queue
[2026-06-18T07:58:47.372+0000] {logging_mixin.py:188} INFO - [2026-06-18T07:58:47.372+0000] {dagbag.py:545} INFO - Filling up the DagBag from /opt/airflow/dags/main.py
[2026-06-18T07:58:47.398+0000] {logging_mixin.py:188} INFO - [2026-06-18T07:58:47.398+0000] {dagbag.py:355} ERROR - Failed to import: /opt/airflow/dags/main.py
Traceback (most recent call last):
  File "/home/airflow/.local/lib/python3.10/site-packages/airflow/models/dagbag.py", line 351, in parse
    loader.exec_module(new_module)
  File "<frozen importlib._bootstrap_external>", line 883, in exec_module
  File "<frozen importlib._bootstrap>", line 241, in _call_with_frames_removed
  File "/opt/airflow/dags/main.py", line 4, in <module>
    from api.movies_stats import get_movies_stats, save_to_json
  File "/opt/airflow/dags/api/movies_stats.py", line 8, in <module>
    API_TOKEN = Variable.get("API_TOKEN")
  File "/home/airflow/.local/lib/python3.10/site-packages/airflow/models/variable.py", line 143, in get
    raise KeyError(f"Variable {key} does not exist")
KeyError: 'Variable API_TOKEN does not exist'
[2026-06-18T07:58:47.399+0000] {processor.py:842} WARNING - No viable dags retrieved from /opt/airflow/dags/main.py
[2026-06-18T07:58:47.408+0000] {processor.py:183} INFO - Processing /opt/airflow/dags/main.py took 0.049 seconds
[2026-06-18T07:58:51.416+0000] {processor.py:161} INFO - Started process (PID=316) to work on /opt/airflow/dags/main.py
[2026-06-18T07:58:51.417+0000] {processor.py:830} INFO - Processing file /opt/airflow/dags/main.py for tasks to queue
[2026-06-18T07:58:51.418+0000] {logging_mixin.py:188} INFO - [2026-06-18T07:58:51.418+0000] {dagbag.py:545} INFO - Filling up the DagBag from /opt/airflow/dags/main.py
[2026-06-18T07:58:51.445+0000] {logging_mixin.py:188} INFO - [2026-06-18T07:58:51.445+0000] {dagbag.py:355} ERROR - Failed to import: /opt/airflow/dags/main.py
Traceback (most recent call last):
  File "/home/airflow/.local/lib/python3.10/site-packages/airflow/models/dagbag.py", line 351, in parse
    loader.exec_module(new_module)
  File "<frozen importlib._bootstrap_external>", line 883, in exec_module
  File "<frozen importlib._bootstrap>", line 241, in _call_with_frames_removed
  File "/opt/airflow/dags/main.py", line 4, in <module>
    from api.movies_stats import get_movies_stats, save_to_json
  File "/opt/airflow/dags/api/movies_stats.py", line 8, in <module>
    API_TOKEN = Variable.get("API_TOKEN")
  File "/home/airflow/.local/lib/python3.10/site-packages/airflow/models/variable.py", line 143, in get
    raise KeyError(f"Variable {key} does not exist")
KeyError: 'Variable API_TOKEN does not exist'
[2026-06-18T07:58:51.446+0000] {processor.py:842} WARNING - No viable dags retrieved from /opt/airflow/dags/main.py
[2026-06-18T07:58:51.454+0000] {processor.py:183} INFO - Processing /opt/airflow/dags/main.py took 0.049 seconds
[2026-06-18T07:59:21.621+0000] {processor.py:161} INFO - Started process (PID=323) to work on /opt/airflow/dags/main.py
[2026-06-18T07:59:21.621+0000] {processor.py:830} INFO - Processing file /opt/airflow/dags/main.py for tasks to queue
[2026-06-18T07:59:21.623+0000] {logging_mixin.py:188} INFO - [2026-06-18T07:59:21.623+0000] {dagbag.py:545} INFO - Filling up the DagBag from /opt/airflow/dags/main.py
[2026-06-18T07:59:21.650+0000] {logging_mixin.py:188} INFO - [2026-06-18T07:59:21.649+0000] {dagbag.py:355} ERROR - Failed to import: /opt/airflow/dags/main.py
Traceback (most recent call last):
  File "/home/airflow/.local/lib/python3.10/site-packages/airflow/models/dagbag.py", line 351, in parse
    loader.exec_module(new_module)
  File "<frozen importlib._bootstrap_external>", line 883, in exec_module
  File "<frozen importlib._bootstrap>", line 241, in _call_with_frames_removed
  File "/opt/airflow/dags/main.py", line 4, in <module>
    from api.movies_stats import get_movies_stats, save_to_json
  File "/opt/airflow/dags/api/movies_stats.py", line 8, in <module>
    API_TOKEN = Variable.get("API_TOKEN")
  File "/home/airflow/.local/lib/python3.10/site-packages/airflow/models/variable.py", line 143, in get
    raise KeyError(f"Variable {key} does not exist")
KeyError: 'Variable API_TOKEN does not exist'
[2026-06-18T07:59:21.650+0000] {processor.py:842} WARNING - No viable dags retrieved from /opt/airflow/dags/main.py
[2026-06-18T07:59:21.660+0000] {processor.py:183} INFO - Processing /opt/airflow/dags/main.py took 0.049 seconds
[2026-06-18T07:59:51.779+0000] {processor.py:161} INFO - Started process (PID=330) to work on /opt/airflow/dags/main.py
[2026-06-18T07:59:51.780+0000] {processor.py:830} INFO - Processing file /opt/airflow/dags/main.py for tasks to queue
[2026-06-18T07:59:51.781+0000] {logging_mixin.py:188} INFO - [2026-06-18T07:59:51.781+0000] {dagbag.py:545} INFO - Filling up the DagBag from /opt/airflow/dags/main.py
[2026-06-18T07:59:51.810+0000] {logging_mixin.py:188} INFO - [2026-06-18T07:59:51.809+0000] {dagbag.py:355} ERROR - Failed to import: /opt/airflow/dags/main.py
Traceback (most recent call last):
  File "/home/airflow/.local/lib/python3.10/site-packages/airflow/models/dagbag.py", line 351, in parse
    loader.exec_module(new_module)
  File "<frozen importlib._bootstrap_external>", line 883, in exec_module
  File "<frozen importlib._bootstrap>", line 241, in _call_with_frames_removed
  File "/opt/airflow/dags/main.py", line 4, in <module>
    from api.movies_stats import get_movies_stats, save_to_json
  File "/opt/airflow/dags/api/movies_stats.py", line 8, in <module>
    API_TOKEN = Variable.get("API_TOKEN")
  File "/home/airflow/.local/lib/python3.10/site-packages/airflow/models/variable.py", line 143, in get
    raise KeyError(f"Variable {key} does not exist")
KeyError: 'Variable API_TOKEN does not exist'
[2026-06-18T07:59:51.810+0000] {processor.py:842} WARNING - No viable dags retrieved from /opt/airflow/dags/main.py
[2026-06-18T07:59:51.821+0000] {processor.py:183} INFO - Processing /opt/airflow/dags/main.py took 0.048 seconds
[2026-06-18T08:00:21.968+0000] {processor.py:161} INFO - Started process (PID=337) to work on /opt/airflow/dags/main.py
[2026-06-18T08:00:21.969+0000] {processor.py:830} INFO - Processing file /opt/airflow/dags/main.py for tasks to queue
[2026-06-18T08:00:21.970+0000] {logging_mixin.py:188} INFO - [2026-06-18T08:00:21.970+0000] {dagbag.py:545} INFO - Filling up the DagBag from /opt/airflow/dags/main.py
[2026-06-18T08:00:21.999+0000] {logging_mixin.py:188} INFO - [2026-06-18T08:00:21.998+0000] {dagbag.py:355} ERROR - Failed to import: /opt/airflow/dags/main.py
Traceback (most recent call last):
  File "/home/airflow/.local/lib/python3.10/site-packages/airflow/models/dagbag.py", line 351, in parse
    loader.exec_module(new_module)
  File "<frozen importlib._bootstrap_external>", line 883, in exec_module
  File "<frozen importlib._bootstrap>", line 241, in _call_with_frames_removed
  File "/opt/airflow/dags/main.py", line 4, in <module>
    from api.movies_stats import get_movies_stats, save_to_json
  File "/opt/airflow/dags/api/movies_stats.py", line 8, in <module>
    API_TOKEN = Variable.get("API_TOKEN")
  File "/home/airflow/.local/lib/python3.10/site-packages/airflow/models/variable.py", line 143, in get
    raise KeyError(f"Variable {key} does not exist")
KeyError: 'Variable API_TOKEN does not exist'
[2026-06-18T08:00:21.999+0000] {processor.py:842} WARNING - No viable dags retrieved from /opt/airflow/dags/main.py
[2026-06-18T08:00:22.009+0000] {processor.py:183} INFO - Processing /opt/airflow/dags/main.py took 0.051 seconds
[2026-06-18T08:00:52.148+0000] {processor.py:161} INFO - Started process (PID=344) to work on /opt/airflow/dags/main.py
[2026-06-18T08:00:52.148+0000] {processor.py:830} INFO - Processing file /opt/airflow/dags/main.py for tasks to queue
[2026-06-18T08:00:52.150+0000] {logging_mixin.py:188} INFO - [2026-06-18T08:00:52.149+0000] {dagbag.py:545} INFO - Filling up the DagBag from /opt/airflow/dags/main.py
[2026-06-18T08:00:52.175+0000] {logging_mixin.py:188} INFO - [2026-06-18T08:00:52.174+0000] {dagbag.py:355} ERROR - Failed to import: /opt/airflow/dags/main.py
Traceback (most recent call last):
  File "/home/airflow/.local/lib/python3.10/site-packages/airflow/models/dagbag.py", line 351, in parse
    loader.exec_module(new_module)
  File "<frozen importlib._bootstrap_external>", line 883, in exec_module
  File "<frozen importlib._bootstrap>", line 241, in _call_with_frames_removed
  File "/opt/airflow/dags/main.py", line 4, in <module>
    from api.movies_stats import get_movies_stats, save_to_json
  File "/opt/airflow/dags/api/movies_stats.py", line 8, in <module>
    API_TOKEN = Variable.get("API_TOKEN")
  File "/home/airflow/.local/lib/python3.10/site-packages/airflow/models/variable.py", line 143, in get
    raise KeyError(f"Variable {key} does not exist")
KeyError: 'Variable API_TOKEN does not exist'
[2026-06-18T08:00:52.175+0000] {processor.py:842} WARNING - No viable dags retrieved from /opt/airflow/dags/main.py
[2026-06-18T08:00:52.183+0000] {processor.py:183} INFO - Processing /opt/airflow/dags/main.py took 0.047 seconds
[2026-06-18T08:01:22.327+0000] {processor.py:161} INFO - Started process (PID=351) to work on /opt/airflow/dags/main.py
[2026-06-18T08:01:22.327+0000] {processor.py:830} INFO - Processing file /opt/airflow/dags/main.py for tasks to queue
[2026-06-18T08:01:22.329+0000] {logging_mixin.py:188} INFO - [2026-06-18T08:01:22.328+0000] {dagbag.py:545} INFO - Filling up the DagBag from /opt/airflow/dags/main.py
[2026-06-18T08:01:22.358+0000] {logging_mixin.py:188} INFO - [2026-06-18T08:01:22.357+0000] {dagbag.py:355} ERROR - Failed to import: /opt/airflow/dags/main.py
Traceback (most recent call last):
  File "/home/airflow/.local/lib/python3.10/site-packages/airflow/models/dagbag.py", line 351, in parse
    loader.exec_module(new_module)
  File "<frozen importlib._bootstrap_external>", line 883, in exec_module
  File "<frozen importlib._bootstrap>", line 241, in _call_with_frames_removed
  File "/opt/airflow/dags/main.py", line 4, in <module>
    from api.movies_stats import get_movies_stats, save_to_json
  File "/opt/airflow/dags/api/movies_stats.py", line 8, in <module>
    API_TOKEN = Variable.get("API_TOKEN")
  File "/home/airflow/.local/lib/python3.10/site-packages/airflow/models/variable.py", line 143, in get
    raise KeyError(f"Variable {key} does not exist")
KeyError: 'Variable API_TOKEN does not exist'
[2026-06-18T08:01:22.358+0000] {processor.py:842} WARNING - No viable dags retrieved from /opt/airflow/dags/main.py
[2026-06-18T08:01:22.367+0000] {processor.py:183} INFO - Processing /opt/airflow/dags/main.py took 0.051 seconds
[2026-06-18T08:01:52.503+0000] {processor.py:161} INFO - Started process (PID=358) to work on /opt/airflow/dags/main.py
[2026-06-18T08:01:52.504+0000] {processor.py:830} INFO - Processing file /opt/airflow/dags/main.py for tasks to queue
[2026-06-18T08:01:52.505+0000] {logging_mixin.py:188} INFO - [2026-06-18T08:01:52.505+0000] {dagbag.py:545} INFO - Filling up the DagBag from /opt/airflow/dags/main.py
[2026-06-18T08:01:52.531+0000] {logging_mixin.py:188} INFO - [2026-06-18T08:01:52.530+0000] {dagbag.py:355} ERROR - Failed to import: /opt/airflow/dags/main.py
Traceback (most recent call last):
  File "/home/airflow/.local/lib/python3.10/site-packages/airflow/models/dagbag.py", line 351, in parse
    loader.exec_module(new_module)
  File "<frozen importlib._bootstrap_external>", line 883, in exec_module
  File "<frozen importlib._bootstrap>", line 241, in _call_with_frames_removed
  File "/opt/airflow/dags/main.py", line 4, in <module>
    from api.movies_stats import get_movies_stats, save_to_json
  File "/opt/airflow/dags/api/movies_stats.py", line 8, in <module>
    API_TOKEN = Variable.get("API_TOKEN")
  File "/home/airflow/.local/lib/python3.10/site-packages/airflow/models/variable.py", line 143, in get
    raise KeyError(f"Variable {key} does not exist")
KeyError: 'Variable API_TOKEN does not exist'
[2026-06-18T08:01:52.531+0000] {processor.py:842} WARNING - No viable dags retrieved from /opt/airflow/dags/main.py
[2026-06-18T08:01:52.541+0000] {processor.py:183} INFO - Processing /opt/airflow/dags/main.py took 0.047 seconds
[2026-06-18T08:02:22.671+0000] {processor.py:161} INFO - Started process (PID=365) to work on /opt/airflow/dags/main.py
[2026-06-18T08:02:22.672+0000] {processor.py:830} INFO - Processing file /opt/airflow/dags/main.py for tasks to queue
[2026-06-18T08:02:22.673+0000] {logging_mixin.py:188} INFO - [2026-06-18T08:02:22.673+0000] {dagbag.py:545} INFO - Filling up the DagBag from /opt/airflow/dags/main.py
[2026-06-18T08:02:22.702+0000] {logging_mixin.py:188} INFO - [2026-06-18T08:02:22.701+0000] {dagbag.py:355} ERROR - Failed to import: /opt/airflow/dags/main.py
Traceback (most recent call last):
  File "/home/airflow/.local/lib/python3.10/site-packages/airflow/models/dagbag.py", line 351, in parse
    loader.exec_module(new_module)
  File "<frozen importlib._bootstrap_external>", line 883, in exec_module
  File "<frozen importlib._bootstrap>", line 241, in _call_with_frames_removed
  File "/opt/airflow/dags/main.py", line 4, in <module>
    from api.movies_stats import get_movies_stats, save_to_json
  File "/opt/airflow/dags/api/movies_stats.py", line 8, in <module>
    API_TOKEN = Variable.get("API_TOKEN")
  File "/home/airflow/.local/lib/python3.10/site-packages/airflow/models/variable.py", line 143, in get
    raise KeyError(f"Variable {key} does not exist")
KeyError: 'Variable API_TOKEN does not exist'
[2026-06-18T08:02:22.702+0000] {processor.py:842} WARNING - No viable dags retrieved from /opt/airflow/dags/main.py
[2026-06-18T08:02:22.713+0000] {processor.py:183} INFO - Processing /opt/airflow/dags/main.py took 0.047 seconds
[2026-06-18T08:02:52.854+0000] {processor.py:161} INFO - Started process (PID=372) to work on /opt/airflow/dags/main.py
[2026-06-18T08:02:52.856+0000] {processor.py:830} INFO - Processing file /opt/airflow/dags/main.py for tasks to queue
[2026-06-18T08:02:52.859+0000] {logging_mixin.py:188} INFO - [2026-06-18T08:02:52.859+0000] {dagbag.py:545} INFO - Filling up the DagBag from /opt/airflow/dags/main.py
[2026-06-18T08:02:52.886+0000] {logging_mixin.py:188} INFO - [2026-06-18T08:02:52.885+0000] {dagbag.py:355} ERROR - Failed to import: /opt/airflow/dags/main.py
Traceback (most recent call last):
  File "/home/airflow/.local/lib/python3.10/site-packages/airflow/models/dagbag.py", line 351, in parse
    loader.exec_module(new_module)
  File "<frozen importlib._bootstrap_external>", line 883, in exec_module
  File "<frozen importlib._bootstrap>", line 241, in _call_with_frames_removed
  File "/opt/airflow/dags/main.py", line 4, in <module>
    from api.movies_stats import get_movies_stats, save_to_json
  File "/opt/airflow/dags/api/movies_stats.py", line 8, in <module>
    API_TOKEN = Variable.get("API_TOKEN")
  File "/home/airflow/.local/lib/python3.10/site-packages/airflow/models/variable.py", line 143, in get
    raise KeyError(f"Variable {key} does not exist")
KeyError: 'Variable API_TOKEN does not exist'
[2026-06-18T08:02:52.887+0000] {processor.py:842} WARNING - No viable dags retrieved from /opt/airflow/dags/main.py
[2026-06-18T08:02:52.895+0000] {processor.py:183} INFO - Processing /opt/airflow/dags/main.py took 0.049 seconds
[2026-06-18T08:03:23.024+0000] {processor.py:161} INFO - Started process (PID=379) to work on /opt/airflow/dags/main.py
[2026-06-18T08:03:23.025+0000] {processor.py:830} INFO - Processing file /opt/airflow/dags/main.py for tasks to queue
[2026-06-18T08:03:23.027+0000] {logging_mixin.py:188} INFO - [2026-06-18T08:03:23.026+0000] {dagbag.py:545} INFO - Filling up the DagBag from /opt/airflow/dags/main.py
[2026-06-18T08:03:23.052+0000] {logging_mixin.py:188} INFO - [2026-06-18T08:03:23.051+0000] {dagbag.py:355} ERROR - Failed to import: /opt/airflow/dags/main.py
Traceback (most recent call last):
  File "/home/airflow/.local/lib/python3.10/site-packages/airflow/models/dagbag.py", line 351, in parse
    loader.exec_module(new_module)
  File "<frozen importlib._bootstrap_external>", line 883, in exec_module
  File "<frozen importlib._bootstrap>", line 241, in _call_with_frames_removed
  File "/opt/airflow/dags/main.py", line 4, in <module>
    from api.movies_stats import get_movies_stats, save_to_json
  File "/opt/airflow/dags/api/movies_stats.py", line 8, in <module>
    API_TOKEN = Variable.get("API_TOKEN")
  File "/home/airflow/.local/lib/python3.10/site-packages/airflow/models/variable.py", line 143, in get
    raise KeyError(f"Variable {key} does not exist")
KeyError: 'Variable API_TOKEN does not exist'
[2026-06-18T08:03:23.052+0000] {processor.py:842} WARNING - No viable dags retrieved from /opt/airflow/dags/main.py
[2026-06-18T08:03:23.061+0000] {processor.py:183} INFO - Processing /opt/airflow/dags/main.py took 0.048 seconds
[2026-06-18T08:03:53.198+0000] {processor.py:161} INFO - Started process (PID=386) to work on /opt/airflow/dags/main.py
[2026-06-18T08:03:53.199+0000] {processor.py:830} INFO - Processing file /opt/airflow/dags/main.py for tasks to queue
[2026-06-18T08:03:53.200+0000] {logging_mixin.py:188} INFO - [2026-06-18T08:03:53.200+0000] {dagbag.py:545} INFO - Filling up the DagBag from /opt/airflow/dags/main.py
[2026-06-18T08:03:53.229+0000] {logging_mixin.py:188} INFO - [2026-06-18T08:03:53.229+0000] {dagbag.py:355} ERROR - Failed to import: /opt/airflow/dags/main.py
Traceback (most recent call last):
  File "/home/airflow/.local/lib/python3.10/site-packages/airflow/models/dagbag.py", line 351, in parse
    loader.exec_module(new_module)
  File "<frozen importlib._bootstrap_external>", line 883, in exec_module
  File "<frozen importlib._bootstrap>", line 241, in _call_with_frames_removed
  File "/opt/airflow/dags/main.py", line 4, in <module>
    from api.movies_stats import get_movies_stats, save_to_json
  File "/opt/airflow/dags/api/movies_stats.py", line 8, in <module>
    TOKEN = Variable.get("API_TOKEN")
  File "/home/airflow/.local/lib/python3.10/site-packages/airflow/models/variable.py", line 143, in get
    raise KeyError(f"Variable {key} does not exist")
KeyError: 'Variable API_TOKEN does not exist'
[2026-06-18T08:03:53.230+0000] {processor.py:842} WARNING - No viable dags retrieved from /opt/airflow/dags/main.py
[2026-06-18T08:03:53.238+0000] {processor.py:183} INFO - Processing /opt/airflow/dags/main.py took 0.048 seconds
[2026-06-18T08:04:23.376+0000] {processor.py:161} INFO - Started process (PID=393) to work on /opt/airflow/dags/main.py
[2026-06-18T08:04:23.377+0000] {processor.py:830} INFO - Processing file /opt/airflow/dags/main.py for tasks to queue
[2026-06-18T08:04:23.379+0000] {logging_mixin.py:188} INFO - [2026-06-18T08:04:23.379+0000] {dagbag.py:545} INFO - Filling up the DagBag from /opt/airflow/dags/main.py
[2026-06-18T08:04:23.408+0000] {logging_mixin.py:188} INFO - [2026-06-18T08:04:23.408+0000] {dagbag.py:355} ERROR - Failed to import: /opt/airflow/dags/main.py
Traceback (most recent call last):
  File "/home/airflow/.local/lib/python3.10/site-packages/airflow/models/dagbag.py", line 351, in parse
    loader.exec_module(new_module)
  File "<frozen importlib._bootstrap_external>", line 883, in exec_module
  File "<frozen importlib._bootstrap>", line 241, in _call_with_frames_removed
  File "/opt/airflow/dags/main.py", line 4, in <module>
    from api.movies_stats import get_movies_stats, save_to_json
  File "/opt/airflow/dags/api/movies_stats.py", line 8, in <module>
    TOKEN = Variable.get("API_TOKEN")
  File "/home/airflow/.local/lib/python3.10/site-packages/airflow/models/variable.py", line 143, in get
    raise KeyError(f"Variable {key} does not exist")
KeyError: 'Variable API_TOKEN does not exist'
[2026-06-18T08:04:23.409+0000] {processor.py:842} WARNING - No viable dags retrieved from /opt/airflow/dags/main.py
[2026-06-18T08:04:23.418+0000] {processor.py:183} INFO - Processing /opt/airflow/dags/main.py took 0.051 seconds
[2026-06-18T08:04:53.553+0000] {processor.py:161} INFO - Started process (PID=400) to work on /opt/airflow/dags/main.py
[2026-06-18T08:04:53.553+0000] {processor.py:830} INFO - Processing file /opt/airflow/dags/main.py for tasks to queue
[2026-06-18T08:04:53.555+0000] {logging_mixin.py:188} INFO - [2026-06-18T08:04:53.554+0000] {dagbag.py:545} INFO - Filling up the DagBag from /opt/airflow/dags/main.py
[2026-06-18T08:04:53.581+0000] {logging_mixin.py:188} INFO - [2026-06-18T08:04:53.580+0000] {dagbag.py:355} ERROR - Failed to import: /opt/airflow/dags/main.py
Traceback (most recent call last):
  File "/home/airflow/.local/lib/python3.10/site-packages/airflow/models/dagbag.py", line 351, in parse
    loader.exec_module(new_module)
  File "<frozen importlib._bootstrap_external>", line 883, in exec_module
  File "<frozen importlib._bootstrap>", line 241, in _call_with_frames_removed
  File "/opt/airflow/dags/main.py", line 4, in <module>
    from api.movies_stats import get_movies_stats, save_to_json
  File "/opt/airflow/dags/api/movies_stats.py", line 8, in <module>
    TOKEN = Variable.get("API_TOKEN")
  File "/home/airflow/.local/lib/python3.10/site-packages/airflow/models/variable.py", line 143, in get
    raise KeyError(f"Variable {key} does not exist")
KeyError: 'Variable API_TOKEN does not exist'
[2026-06-18T08:04:53.581+0000] {processor.py:842} WARNING - No viable dags retrieved from /opt/airflow/dags/main.py
[2026-06-18T08:04:53.591+0000] {processor.py:183} INFO - Processing /opt/airflow/dags/main.py took 0.044 seconds
[2026-06-18T08:05:23.739+0000] {processor.py:161} INFO - Started process (PID=407) to work on /opt/airflow/dags/main.py
[2026-06-18T08:05:23.740+0000] {processor.py:830} INFO - Processing file /opt/airflow/dags/main.py for tasks to queue
[2026-06-18T08:05:23.741+0000] {logging_mixin.py:188} INFO - [2026-06-18T08:05:23.741+0000] {dagbag.py:545} INFO - Filling up the DagBag from /opt/airflow/dags/main.py
[2026-06-18T08:05:23.770+0000] {logging_mixin.py:188} INFO - [2026-06-18T08:05:23.770+0000] {dagbag.py:355} ERROR - Failed to import: /opt/airflow/dags/main.py
Traceback (most recent call last):
  File "/home/airflow/.local/lib/python3.10/site-packages/airflow/models/dagbag.py", line 351, in parse
    loader.exec_module(new_module)
  File "<frozen importlib._bootstrap_external>", line 883, in exec_module
  File "<frozen importlib._bootstrap>", line 241, in _call_with_frames_removed
  File "/opt/airflow/dags/main.py", line 4, in <module>
    from api.movies_stats import get_movies_stats, save_to_json
  File "/opt/airflow/dags/api/movies_stats.py", line 8, in <module>
    TOKEN = Variable.get("API_TOKEN")
  File "/home/airflow/.local/lib/python3.10/site-packages/airflow/models/variable.py", line 143, in get
    raise KeyError(f"Variable {key} does not exist")
KeyError: 'Variable API_TOKEN does not exist'
[2026-06-18T08:05:23.771+0000] {processor.py:842} WARNING - No viable dags retrieved from /opt/airflow/dags/main.py
[2026-06-18T08:05:23.780+0000] {processor.py:183} INFO - Processing /opt/airflow/dags/main.py took 0.050 seconds
[2026-06-18T08:05:53.898+0000] {processor.py:161} INFO - Started process (PID=414) to work on /opt/airflow/dags/main.py
[2026-06-18T08:05:53.899+0000] {processor.py:830} INFO - Processing file /opt/airflow/dags/main.py for tasks to queue
[2026-06-18T08:05:53.900+0000] {logging_mixin.py:188} INFO - [2026-06-18T08:05:53.900+0000] {dagbag.py:545} INFO - Filling up the DagBag from /opt/airflow/dags/main.py
[2026-06-18T08:05:53.926+0000] {logging_mixin.py:188} INFO - [2026-06-18T08:05:53.926+0000] {dagbag.py:355} ERROR - Failed to import: /opt/airflow/dags/main.py
Traceback (most recent call last):
  File "/home/airflow/.local/lib/python3.10/site-packages/airflow/models/dagbag.py", line 351, in parse
    loader.exec_module(new_module)
  File "<frozen importlib._bootstrap_external>", line 883, in exec_module
  File "<frozen importlib._bootstrap>", line 241, in _call_with_frames_removed
  File "/opt/airflow/dags/main.py", line 4, in <module>
    from api.movies_stats import get_movies_stats, save_to_json
  File "/opt/airflow/dags/api/movies_stats.py", line 8, in <module>
    TOKEN = Variable.get("API_TOKEN")
  File "/home/airflow/.local/lib/python3.10/site-packages/airflow/models/variable.py", line 143, in get
    raise KeyError(f"Variable {key} does not exist")
KeyError: 'Variable API_TOKEN does not exist'
[2026-06-18T08:05:53.927+0000] {processor.py:842} WARNING - No viable dags retrieved from /opt/airflow/dags/main.py
[2026-06-18T08:05:53.936+0000] {processor.py:183} INFO - Processing /opt/airflow/dags/main.py took 0.047 seconds
[2026-06-18T08:06:24.090+0000] {processor.py:161} INFO - Started process (PID=421) to work on /opt/airflow/dags/main.py
[2026-06-18T08:06:24.091+0000] {processor.py:830} INFO - Processing file /opt/airflow/dags/main.py for tasks to queue
[2026-06-18T08:06:24.092+0000] {logging_mixin.py:188} INFO - [2026-06-18T08:06:24.092+0000] {dagbag.py:545} INFO - Filling up the DagBag from /opt/airflow/dags/main.py
[2026-06-18T08:06:24.122+0000] {logging_mixin.py:188} INFO - [2026-06-18T08:06:24.122+0000] {dagbag.py:355} ERROR - Failed to import: /opt/airflow/dags/main.py
Traceback (most recent call last):
  File "/home/airflow/.local/lib/python3.10/site-packages/airflow/models/dagbag.py", line 351, in parse
    loader.exec_module(new_module)
  File "<frozen importlib._bootstrap_external>", line 883, in exec_module
  File "<frozen importlib._bootstrap>", line 241, in _call_with_frames_removed
  File "/opt/airflow/dags/main.py", line 4, in <module>
    from api.movies_stats import get_movies_stats, save_to_json
  File "/opt/airflow/dags/api/movies_stats.py", line 8, in <module>
    TOKEN = Variable.get("API_TOKEN")
  File "/home/airflow/.local/lib/python3.10/site-packages/airflow/models/variable.py", line 143, in get
    raise KeyError(f"Variable {key} does not exist")
KeyError: 'Variable API_TOKEN does not exist'
[2026-06-18T08:06:24.123+0000] {processor.py:842} WARNING - No viable dags retrieved from /opt/airflow/dags/main.py
[2026-06-18T08:06:24.132+0000] {processor.py:183} INFO - Processing /opt/airflow/dags/main.py took 0.050 seconds
[2026-06-18T08:06:54.264+0000] {processor.py:161} INFO - Started process (PID=428) to work on /opt/airflow/dags/main.py
[2026-06-18T08:06:54.265+0000] {processor.py:830} INFO - Processing file /opt/airflow/dags/main.py for tasks to queue
[2026-06-18T08:06:54.267+0000] {logging_mixin.py:188} INFO - [2026-06-18T08:06:54.266+0000] {dagbag.py:545} INFO - Filling up the DagBag from /opt/airflow/dags/main.py
[2026-06-18T08:06:54.295+0000] {logging_mixin.py:188} INFO - [2026-06-18T08:06:54.295+0000] {dagbag.py:355} ERROR - Failed to import: /opt/airflow/dags/main.py
Traceback (most recent call last):
  File "/home/airflow/.local/lib/python3.10/site-packages/airflow/models/dagbag.py", line 351, in parse
    loader.exec_module(new_module)
  File "<frozen importlib._bootstrap_external>", line 883, in exec_module
  File "<frozen importlib._bootstrap>", line 241, in _call_with_frames_removed
  File "/opt/airflow/dags/main.py", line 4, in <module>
    from api.movies_stats import get_movies_stats, save_to_json
  File "/opt/airflow/dags/api/movies_stats.py", line 8, in <module>
    TOKEN = Variable.get("API_TOKEN")
  File "/home/airflow/.local/lib/python3.10/site-packages/airflow/models/variable.py", line 143, in get
    raise KeyError(f"Variable {key} does not exist")
KeyError: 'Variable API_TOKEN does not exist'
[2026-06-18T08:06:54.296+0000] {processor.py:842} WARNING - No viable dags retrieved from /opt/airflow/dags/main.py
[2026-06-18T08:06:54.304+0000] {processor.py:183} INFO - Processing /opt/airflow/dags/main.py took 0.048 seconds
[2026-06-18T08:07:24.444+0000] {processor.py:161} INFO - Started process (PID=435) to work on /opt/airflow/dags/main.py
[2026-06-18T08:07:24.445+0000] {processor.py:830} INFO - Processing file /opt/airflow/dags/main.py for tasks to queue
[2026-06-18T08:07:24.446+0000] {logging_mixin.py:188} INFO - [2026-06-18T08:07:24.446+0000] {dagbag.py:545} INFO - Filling up the DagBag from /opt/airflow/dags/main.py
[2026-06-18T08:07:24.476+0000] {logging_mixin.py:188} INFO - [2026-06-18T08:07:24.475+0000] {dagbag.py:355} ERROR - Failed to import: /opt/airflow/dags/main.py
Traceback (most recent call last):
  File "/home/airflow/.local/lib/python3.10/site-packages/airflow/models/dagbag.py", line 351, in parse
    loader.exec_module(new_module)
  File "<frozen importlib._bootstrap_external>", line 883, in exec_module
  File "<frozen importlib._bootstrap>", line 241, in _call_with_frames_removed
  File "/opt/airflow/dags/main.py", line 4, in <module>
    from api.movies_stats import get_movies_stats, save_to_json
  File "/opt/airflow/dags/api/movies_stats.py", line 8, in <module>
    TOKEN = Variable.get("API_TOKEN")
  File "/home/airflow/.local/lib/python3.10/site-packages/airflow/models/variable.py", line 143, in get
    raise KeyError(f"Variable {key} does not exist")
KeyError: 'Variable API_TOKEN does not exist'
[2026-06-18T08:07:24.477+0000] {processor.py:842} WARNING - No viable dags retrieved from /opt/airflow/dags/main.py
[2026-06-18T08:07:24.488+0000] {processor.py:183} INFO - Processing /opt/airflow/dags/main.py took 0.054 seconds
[2026-06-18T08:07:54.644+0000] {processor.py:161} INFO - Started process (PID=442) to work on /opt/airflow/dags/main.py
[2026-06-18T08:07:54.645+0000] {processor.py:830} INFO - Processing file /opt/airflow/dags/main.py for tasks to queue
[2026-06-18T08:07:54.647+0000] {logging_mixin.py:188} INFO - [2026-06-18T08:07:54.646+0000] {dagbag.py:545} INFO - Filling up the DagBag from /opt/airflow/dags/main.py
[2026-06-18T08:07:54.672+0000] {logging_mixin.py:188} INFO - [2026-06-18T08:07:54.671+0000] {dagbag.py:355} ERROR - Failed to import: /opt/airflow/dags/main.py
Traceback (most recent call last):
  File "/home/airflow/.local/lib/python3.10/site-packages/airflow/models/dagbag.py", line 351, in parse
    loader.exec_module(new_module)
  File "<frozen importlib._bootstrap_external>", line 883, in exec_module
  File "<frozen importlib._bootstrap>", line 241, in _call_with_frames_removed
  File "/opt/airflow/dags/main.py", line 4, in <module>
    from api.movies_stats import get_movies_stats, save_to_json
  File "/opt/airflow/dags/api/movies_stats.py", line 8, in <module>
    TOKEN = Variable.get("API_TOKEN")
  File "/home/airflow/.local/lib/python3.10/site-packages/airflow/models/variable.py", line 143, in get
    raise KeyError(f"Variable {key} does not exist")
KeyError: 'Variable API_TOKEN does not exist'
[2026-06-18T08:07:54.672+0000] {processor.py:842} WARNING - No viable dags retrieved from /opt/airflow/dags/main.py
[2026-06-18T08:07:54.680+0000] {processor.py:183} INFO - Processing /opt/airflow/dags/main.py took 0.045 seconds
[2026-06-18T08:08:56.748+0000] {processor.py:161} INFO - Started process (PID=57) to work on /opt/airflow/dags/main.py
[2026-06-18T08:08:56.749+0000] {processor.py:830} INFO - Processing file /opt/airflow/dags/main.py for tasks to queue
[2026-06-18T08:08:56.750+0000] {logging_mixin.py:188} INFO - [2026-06-18T08:08:56.750+0000] {dagbag.py:545} INFO - Filling up the DagBag from /opt/airflow/dags/main.py
[2026-06-18T08:08:56.814+0000] {processor.py:840} INFO - DAG(s) 'movies_stats_dag' retrieved from /opt/airflow/dags/main.py
[2026-06-18T08:08:57.052+0000] {logging_mixin.py:188} INFO - [2026-06-18T08:08:57.051+0000] {override.py:1829} INFO - Created Permission View: can delete on DAG:movies_stats_dag
[2026-06-18T08:08:57.063+0000] {logging_mixin.py:188} INFO - [2026-06-18T08:08:57.062+0000] {override.py:1829} INFO - Created Permission View: can read on DAG:movies_stats_dag
[2026-06-18T08:08:57.071+0000] {logging_mixin.py:188} INFO - [2026-06-18T08:08:57.071+0000] {override.py:1829} INFO - Created Permission View: can edit on DAG:movies_stats_dag
[2026-06-18T08:08:57.071+0000] {logging_mixin.py:188} INFO - [2026-06-18T08:08:57.071+0000] {dag.py:3096} INFO - Sync 1 DAGs
[2026-06-18T08:08:57.082+0000] {logging_mixin.py:188} INFO - [2026-06-18T08:08:57.082+0000] {dag.py:3118} INFO - Creating ORM DAG for movies_stats_dag
[2026-06-18T08:08:57.092+0000] {logging_mixin.py:188} INFO - [2026-06-18T08:08:57.091+0000] {dag.py:3954} INFO - Setting next_dagrun for movies_stats_dag to 2026-06-16 12:00:00+00:00, run_after=2026-06-17 12:00:00+00:00
[2026-06-18T08:08:57.108+0000] {processor.py:183} INFO - Processing /opt/airflow/dags/main.py took 0.367 seconds
[2026-06-18T08:09:27.256+0000] {processor.py:161} INFO - Started process (PID=64) to work on /opt/airflow/dags/main.py
[2026-06-18T08:09:27.256+0000] {processor.py:830} INFO - Processing file /opt/airflow/dags/main.py for tasks to queue
[2026-06-18T08:09:27.258+0000] {logging_mixin.py:188} INFO - [2026-06-18T08:09:27.257+0000] {dagbag.py:545} INFO - Filling up the DagBag from /opt/airflow/dags/main.py
[2026-06-18T08:09:27.280+0000] {processor.py:840} INFO - DAG(s) 'movies_stats_dag' retrieved from /opt/airflow/dags/main.py
[2026-06-18T08:09:27.308+0000] {logging_mixin.py:188} INFO - [2026-06-18T08:09:27.308+0000] {dag.py:3096} INFO - Sync 1 DAGs
[2026-06-18T08:09:27.329+0000] {logging_mixin.py:188} INFO - [2026-06-18T08:09:27.329+0000] {dag.py:3954} INFO - Setting next_dagrun for movies_stats_dag to 2026-06-16 12:00:00+00:00, run_after=2026-06-17 12:00:00+00:00
[2026-06-18T08:09:27.347+0000] {processor.py:183} INFO - Processing /opt/airflow/dags/main.py took 0.097 seconds
[2026-06-18T08:09:57.408+0000] {processor.py:161} INFO - Started process (PID=71) to work on /opt/airflow/dags/main.py
[2026-06-18T08:09:57.408+0000] {processor.py:830} INFO - Processing file /opt/airflow/dags/main.py for tasks to queue
[2026-06-18T08:09:57.410+0000] {logging_mixin.py:188} INFO - [2026-06-18T08:09:57.410+0000] {dagbag.py:545} INFO - Filling up the DagBag from /opt/airflow/dags/main.py
[2026-06-18T08:09:57.431+0000] {processor.py:840} INFO - DAG(s) 'movies_stats_dag' retrieved from /opt/airflow/dags/main.py
[2026-06-18T08:09:57.456+0000] {logging_mixin.py:188} INFO - [2026-06-18T08:09:57.456+0000] {dag.py:3096} INFO - Sync 1 DAGs
[2026-06-18T08:09:57.476+0000] {logging_mixin.py:188} INFO - [2026-06-18T08:09:57.475+0000] {dag.py:3954} INFO - Setting next_dagrun for movies_stats_dag to 2026-06-16 12:00:00+00:00, run_after=2026-06-17 12:00:00+00:00
[2026-06-18T08:09:57.492+0000] {processor.py:183} INFO - Processing /opt/airflow/dags/main.py took 0.092 seconds
[2026-06-18T08:10:27.656+0000] {processor.py:161} INFO - Started process (PID=78) to work on /opt/airflow/dags/main.py
[2026-06-18T08:10:27.656+0000] {processor.py:830} INFO - Processing file /opt/airflow/dags/main.py for tasks to queue
[2026-06-18T08:10:27.657+0000] {logging_mixin.py:188} INFO - [2026-06-18T08:10:27.657+0000] {dagbag.py:545} INFO - Filling up the DagBag from /opt/airflow/dags/main.py
[2026-06-18T08:10:27.677+0000] {processor.py:840} INFO - DAG(s) 'movies_stats_dag' retrieved from /opt/airflow/dags/main.py
[2026-06-18T08:10:27.700+0000] {logging_mixin.py:188} INFO - [2026-06-18T08:10:27.699+0000] {dag.py:3096} INFO - Sync 1 DAGs
[2026-06-18T08:10:27.719+0000] {logging_mixin.py:188} INFO - [2026-06-18T08:10:27.718+0000] {dag.py:3954} INFO - Setting next_dagrun for movies_stats_dag to 2026-06-16 12:00:00+00:00, run_after=2026-06-17 12:00:00+00:00
[2026-06-18T08:10:27.735+0000] {processor.py:183} INFO - Processing /opt/airflow/dags/main.py took 0.090 seconds
[2026-06-18T08:10:57.823+0000] {processor.py:161} INFO - Started process (PID=85) to work on /opt/airflow/dags/main.py
[2026-06-18T08:10:57.824+0000] {processor.py:830} INFO - Processing file /opt/airflow/dags/main.py for tasks to queue
[2026-06-18T08:10:57.825+0000] {logging_mixin.py:188} INFO - [2026-06-18T08:10:57.825+0000] {dagbag.py:545} INFO - Filling up the DagBag from /opt/airflow/dags/main.py
[2026-06-18T08:10:57.845+0000] {processor.py:840} INFO - DAG(s) 'movies_stats_dag' retrieved from /opt/airflow/dags/main.py
[2026-06-18T08:10:57.867+0000] {logging_mixin.py:188} INFO - [2026-06-18T08:10:57.867+0000] {dag.py:3096} INFO - Sync 1 DAGs
[2026-06-18T08:10:57.885+0000] {logging_mixin.py:188} INFO - [2026-06-18T08:10:57.885+0000] {dag.py:3954} INFO - Setting next_dagrun for movies_stats_dag to 2026-06-16 12:00:00+00:00, run_after=2026-06-17 12:00:00+00:00
[2026-06-18T08:10:57.901+0000] {processor.py:183} INFO - Processing /opt/airflow/dags/main.py took 0.086 seconds
[2026-06-18T08:11:28.019+0000] {processor.py:161} INFO - Started process (PID=92) to work on /opt/airflow/dags/main.py
[2026-06-18T08:11:28.020+0000] {processor.py:830} INFO - Processing file /opt/airflow/dags/main.py for tasks to queue
[2026-06-18T08:11:28.022+0000] {logging_mixin.py:188} INFO - [2026-06-18T08:11:28.021+0000] {dagbag.py:545} INFO - Filling up the DagBag from /opt/airflow/dags/main.py
[2026-06-18T08:11:28.045+0000] {processor.py:840} INFO - DAG(s) 'movies_stats_dag' retrieved from /opt/airflow/dags/main.py
[2026-06-18T08:11:28.067+0000] {logging_mixin.py:188} INFO - [2026-06-18T08:11:28.067+0000] {dag.py:3096} INFO - Sync 1 DAGs
[2026-06-18T08:11:28.085+0000] {logging_mixin.py:188} INFO - [2026-06-18T08:11:28.085+0000] {dag.py:3954} INFO - Setting next_dagrun for movies_stats_dag to 2026-06-16 12:00:00+00:00, run_after=2026-06-17 12:00:00+00:00
[2026-06-18T08:11:28.102+0000] {processor.py:183} INFO - Processing /opt/airflow/dags/main.py took 0.090 seconds
[2026-06-18T08:11:58.182+0000] {processor.py:161} INFO - Started process (PID=99) to work on /opt/airflow/dags/main.py
[2026-06-18T08:11:58.182+0000] {processor.py:830} INFO - Processing file /opt/airflow/dags/main.py for tasks to queue
[2026-06-18T08:11:58.184+0000] {logging_mixin.py:188} INFO - [2026-06-18T08:11:58.184+0000] {dagbag.py:545} INFO - Filling up the DagBag from /opt/airflow/dags/main.py
[2026-06-18T08:11:58.205+0000] {processor.py:840} INFO - DAG(s) 'movies_stats_dag' retrieved from /opt/airflow/dags/main.py
[2026-06-18T08:11:58.230+0000] {logging_mixin.py:188} INFO - [2026-06-18T08:11:58.229+0000] {dag.py:3096} INFO - Sync 1 DAGs
[2026-06-18T08:11:58.249+0000] {logging_mixin.py:188} INFO - [2026-06-18T08:11:58.248+0000] {dag.py:3954} INFO - Setting next_dagrun for movies_stats_dag to 2026-06-16 12:00:00+00:00, run_after=2026-06-17 12:00:00+00:00
[2026-06-18T08:11:58.266+0000] {processor.py:183} INFO - Processing /opt/airflow/dags/main.py took 0.094 seconds
[2026-06-18T08:12:28.390+0000] {processor.py:161} INFO - Started process (PID=106) to work on /opt/airflow/dags/main.py
[2026-06-18T08:12:28.390+0000] {processor.py:830} INFO - Processing file /opt/airflow/dags/main.py for tasks to queue
[2026-06-18T08:12:28.392+0000] {logging_mixin.py:188} INFO - [2026-06-18T08:12:28.392+0000] {dagbag.py:545} INFO - Filling up the DagBag from /opt/airflow/dags/main.py
[2026-06-18T08:12:28.415+0000] {processor.py:840} INFO - DAG(s) 'movies_stats_dag' retrieved from /opt/airflow/dags/main.py
[2026-06-18T08:12:28.437+0000] {logging_mixin.py:188} INFO - [2026-06-18T08:12:28.437+0000] {dag.py:3096} INFO - Sync 1 DAGs
[2026-06-18T08:12:28.455+0000] {logging_mixin.py:188} INFO - [2026-06-18T08:12:28.455+0000] {dag.py:3954} INFO - Setting next_dagrun for movies_stats_dag to 2026-06-16 12:00:00+00:00, run_after=2026-06-17 12:00:00+00:00
[2026-06-18T08:12:28.472+0000] {processor.py:183} INFO - Processing /opt/airflow/dags/main.py took 0.093 seconds
[2026-06-18T08:12:58.563+0000] {processor.py:161} INFO - Started process (PID=113) to work on /opt/airflow/dags/main.py
[2026-06-18T08:12:58.564+0000] {processor.py:830} INFO - Processing file /opt/airflow/dags/main.py for tasks to queue
[2026-06-18T08:12:58.565+0000] {logging_mixin.py:188} INFO - [2026-06-18T08:12:58.565+0000] {dagbag.py:545} INFO - Filling up the DagBag from /opt/airflow/dags/main.py
[2026-06-18T08:12:58.587+0000] {processor.py:840} INFO - DAG(s) 'movies_stats_dag' retrieved from /opt/airflow/dags/main.py
[2026-06-18T08:12:58.614+0000] {logging_mixin.py:188} INFO - [2026-06-18T08:12:58.614+0000] {dag.py:3096} INFO - Sync 1 DAGs
[2026-06-18T08:12:58.633+0000] {logging_mixin.py:188} INFO - [2026-06-18T08:12:58.632+0000] {dag.py:3954} INFO - Setting next_dagrun for movies_stats_dag to 2026-06-17 12:00:00+00:00, run_after=2026-06-18 12:00:00+00:00
[2026-06-18T08:12:58.651+0000] {processor.py:183} INFO - Processing /opt/airflow/dags/main.py took 0.092 seconds
[2026-06-18T08:13:28.785+0000] {processor.py:161} INFO - Started process (PID=120) to work on /opt/airflow/dags/main.py
[2026-06-18T08:13:28.785+0000] {processor.py:830} INFO - Processing file /opt/airflow/dags/main.py for tasks to queue
[2026-06-18T08:13:28.787+0000] {logging_mixin.py:188} INFO - [2026-06-18T08:13:28.786+0000] {dagbag.py:545} INFO - Filling up the DagBag from /opt/airflow/dags/main.py
[2026-06-18T08:13:28.807+0000] {processor.py:840} INFO - DAG(s) 'movies_stats_dag' retrieved from /opt/airflow/dags/main.py
[2026-06-18T08:13:28.831+0000] {logging_mixin.py:188} INFO - [2026-06-18T08:13:28.831+0000] {dag.py:3096} INFO - Sync 1 DAGs
[2026-06-18T08:13:28.851+0000] {logging_mixin.py:188} INFO - [2026-06-18T08:13:28.851+0000] {dag.py:3954} INFO - Setting next_dagrun for movies_stats_dag to 2026-06-17 12:00:00+00:00, run_after=2026-06-18 12:00:00+00:00
[2026-06-18T08:13:28.868+0000] {processor.py:183} INFO - Processing /opt/airflow/dags/main.py took 0.095 seconds
[2026-06-18T08:13:58.965+0000] {processor.py:161} INFO - Started process (PID=127) to work on /opt/airflow/dags/main.py
[2026-06-18T08:13:58.965+0000] {processor.py:830} INFO - Processing file /opt/airflow/dags/main.py for tasks to queue
[2026-06-18T08:13:58.967+0000] {logging_mixin.py:188} INFO - [2026-06-18T08:13:58.966+0000] {dagbag.py:545} INFO - Filling up the DagBag from /opt/airflow/dags/main.py
[2026-06-18T08:13:58.989+0000] {processor.py:840} INFO - DAG(s) 'movies_stats_dag' retrieved from /opt/airflow/dags/main.py
[2026-06-18T08:13:59.014+0000] {logging_mixin.py:188} INFO - [2026-06-18T08:13:59.013+0000] {dag.py:3096} INFO - Sync 1 DAGs
[2026-06-18T08:13:59.033+0000] {logging_mixin.py:188} INFO - [2026-06-18T08:13:59.033+0000] {dag.py:3954} INFO - Setting next_dagrun for movies_stats_dag to 2026-06-17 12:00:00+00:00, run_after=2026-06-18 12:00:00+00:00
[2026-06-18T08:13:59.051+0000] {processor.py:183} INFO - Processing /opt/airflow/dags/main.py took 0.093 seconds
[2026-06-18T08:14:29.169+0000] {processor.py:161} INFO - Started process (PID=134) to work on /opt/airflow/dags/main.py
[2026-06-18T08:14:29.170+0000] {processor.py:830} INFO - Processing file /opt/airflow/dags/main.py for tasks to queue
[2026-06-18T08:14:29.171+0000] {logging_mixin.py:188} INFO - [2026-06-18T08:14:29.171+0000] {dagbag.py:545} INFO - Filling up the DagBag from /opt/airflow/dags/main.py
[2026-06-18T08:14:29.192+0000] {processor.py:840} INFO - DAG(s) 'movies_stats_dag' retrieved from /opt/airflow/dags/main.py
[2026-06-18T08:14:29.214+0000] {logging_mixin.py:188} INFO - [2026-06-18T08:14:29.214+0000] {dag.py:3096} INFO - Sync 1 DAGs
[2026-06-18T08:14:29.234+0000] {logging_mixin.py:188} INFO - [2026-06-18T08:14:29.234+0000] {dag.py:3954} INFO - Setting next_dagrun for movies_stats_dag to 2026-06-17 12:00:00+00:00, run_after=2026-06-18 12:00:00+00:00
[2026-06-18T08:14:29.249+0000] {processor.py:183} INFO - Processing /opt/airflow/dags/main.py took 0.085 seconds
[2026-06-18T08:14:59.379+0000] {processor.py:161} INFO - Started process (PID=141) to work on /opt/airflow/dags/main.py
[2026-06-18T08:14:59.379+0000] {processor.py:830} INFO - Processing file /opt/airflow/dags/main.py for tasks to queue
[2026-06-18T08:14:59.381+0000] {logging_mixin.py:188} INFO - [2026-06-18T08:14:59.380+0000] {dagbag.py:545} INFO - Filling up the DagBag from /opt/airflow/dags/main.py
[2026-06-18T08:14:59.403+0000] {processor.py:840} INFO - DAG(s) 'movies_stats_dag' retrieved from /opt/airflow/dags/main.py
[2026-06-18T08:14:59.427+0000] {logging_mixin.py:188} INFO - [2026-06-18T08:14:59.427+0000] {dag.py:3096} INFO - Sync 1 DAGs
[2026-06-18T08:14:59.445+0000] {logging_mixin.py:188} INFO - [2026-06-18T08:14:59.444+0000] {dag.py:3954} INFO - Setting next_dagrun for movies_stats_dag to 2026-06-17 12:00:00+00:00, run_after=2026-06-18 12:00:00+00:00
[2026-06-18T08:14:59.459+0000] {processor.py:183} INFO - Processing /opt/airflow/dags/main.py took 0.091 seconds
[2026-06-18T08:15:29.560+0000] {processor.py:161} INFO - Started process (PID=148) to work on /opt/airflow/dags/main.py
[2026-06-18T08:15:29.560+0000] {processor.py:830} INFO - Processing file /opt/airflow/dags/main.py for tasks to queue
[2026-06-18T08:15:29.562+0000] {logging_mixin.py:188} INFO - [2026-06-18T08:15:29.562+0000] {dagbag.py:545} INFO - Filling up the DagBag from /opt/airflow/dags/main.py
[2026-06-18T08:15:29.585+0000] {processor.py:840} INFO - DAG(s) 'movies_stats_dag' retrieved from /opt/airflow/dags/main.py
[2026-06-18T08:15:29.608+0000] {logging_mixin.py:188} INFO - [2026-06-18T08:15:29.608+0000] {dag.py:3096} INFO - Sync 1 DAGs
[2026-06-18T08:15:29.627+0000] {logging_mixin.py:188} INFO - [2026-06-18T08:15:29.627+0000] {dag.py:3954} INFO - Setting next_dagrun for movies_stats_dag to 2026-06-17 12:00:00+00:00, run_after=2026-06-18 12:00:00+00:00
[2026-06-18T08:15:29.647+0000] {processor.py:183} INFO - Processing /opt/airflow/dags/main.py took 0.093 seconds
[2026-06-18T08:15:59.759+0000] {processor.py:161} INFO - Started process (PID=155) to work on /opt/airflow/dags/main.py
[2026-06-18T08:15:59.760+0000] {processor.py:830} INFO - Processing file /opt/airflow/dags/main.py for tasks to queue
[2026-06-18T08:15:59.761+0000] {logging_mixin.py:188} INFO - [2026-06-18T08:15:59.761+0000] {dagbag.py:545} INFO - Filling up the DagBag from /opt/airflow/dags/main.py
[2026-06-18T08:15:59.782+0000] {processor.py:840} INFO - DAG(s) 'movies_stats_dag' retrieved from /opt/airflow/dags/main.py
[2026-06-18T08:15:59.807+0000] {logging_mixin.py:188} INFO - [2026-06-18T08:15:59.807+0000] {dag.py:3096} INFO - Sync 1 DAGs
[2026-06-18T08:15:59.826+0000] {logging_mixin.py:188} INFO - [2026-06-18T08:15:59.826+0000] {dag.py:3954} INFO - Setting next_dagrun for movies_stats_dag to 2026-06-17 12:00:00+00:00, run_after=2026-06-18 12:00:00+00:00
[2026-06-18T08:15:59.845+0000] {processor.py:183} INFO - Processing /opt/airflow/dags/main.py took 0.094 seconds
[2026-06-18T08:16:29.933+0000] {processor.py:161} INFO - Started process (PID=162) to work on /opt/airflow/dags/main.py
[2026-06-18T08:16:29.934+0000] {processor.py:830} INFO - Processing file /opt/airflow/dags/main.py for tasks to queue
[2026-06-18T08:16:29.936+0000] {logging_mixin.py:188} INFO - [2026-06-18T08:16:29.936+0000] {dagbag.py:545} INFO - Filling up the DagBag from /opt/airflow/dags/main.py
[2026-06-18T08:16:29.961+0000] {processor.py:840} INFO - DAG(s) 'movies_stats_dag' retrieved from /opt/airflow/dags/main.py
[2026-06-18T08:16:29.987+0000] {logging_mixin.py:188} INFO - [2026-06-18T08:16:29.987+0000] {dag.py:3096} INFO - Sync 1 DAGs
[2026-06-18T08:16:30.008+0000] {logging_mixin.py:188} INFO - [2026-06-18T08:16:30.008+0000] {dag.py:3954} INFO - Setting next_dagrun for movies_stats_dag to 2026-06-17 12:00:00+00:00, run_after=2026-06-18 12:00:00+00:00
[2026-06-18T08:16:30.028+0000] {processor.py:183} INFO - Processing /opt/airflow/dags/main.py took 0.102 seconds
[2026-06-18T08:17:00.117+0000] {processor.py:161} INFO - Started process (PID=169) to work on /opt/airflow/dags/main.py
[2026-06-18T08:17:00.117+0000] {processor.py:830} INFO - Processing file /opt/airflow/dags/main.py for tasks to queue
[2026-06-18T08:17:00.119+0000] {logging_mixin.py:188} INFO - [2026-06-18T08:17:00.119+0000] {dagbag.py:545} INFO - Filling up the DagBag from /opt/airflow/dags/main.py
[2026-06-18T08:17:00.139+0000] {processor.py:840} INFO - DAG(s) 'movies_stats_dag' retrieved from /opt/airflow/dags/main.py
[2026-06-18T08:17:00.164+0000] {logging_mixin.py:188} INFO - [2026-06-18T08:17:00.164+0000] {dag.py:3096} INFO - Sync 1 DAGs
[2026-06-18T08:17:00.184+0000] {logging_mixin.py:188} INFO - [2026-06-18T08:17:00.183+0000] {dag.py:3954} INFO - Setting next_dagrun for movies_stats_dag to 2026-06-17 12:00:00+00:00, run_after=2026-06-18 12:00:00+00:00
[2026-06-18T08:17:00.203+0000] {processor.py:183} INFO - Processing /opt/airflow/dags/main.py took 0.093 seconds
[2026-06-18T08:17:30.316+0000] {processor.py:161} INFO - Started process (PID=176) to work on /opt/airflow/dags/main.py
[2026-06-18T08:17:30.317+0000] {processor.py:830} INFO - Processing file /opt/airflow/dags/main.py for tasks to queue
[2026-06-18T08:17:30.318+0000] {logging_mixin.py:188} INFO - [2026-06-18T08:17:30.318+0000] {dagbag.py:545} INFO - Filling up the DagBag from /opt/airflow/dags/main.py
[2026-06-18T08:17:30.339+0000] {processor.py:840} INFO - DAG(s) 'movies_stats_dag' retrieved from /opt/airflow/dags/main.py
[2026-06-18T08:17:30.360+0000] {logging_mixin.py:188} INFO - [2026-06-18T08:17:30.360+0000] {dag.py:3096} INFO - Sync 1 DAGs
[2026-06-18T08:17:30.380+0000] {logging_mixin.py:188} INFO - [2026-06-18T08:17:30.380+0000] {dag.py:3954} INFO - Setting next_dagrun for movies_stats_dag to 2026-06-17 12:00:00+00:00, run_after=2026-06-18 12:00:00+00:00
[2026-06-18T08:17:30.396+0000] {processor.py:183} INFO - Processing /opt/airflow/dags/main.py took 0.089 seconds
