[2026-06-18T07:26:23.181+0000] {manager.py:470} INFO - Processing files using up to 2 processes at a time 
[2026-06-18T07:26:23.182+0000] {manager.py:471} INFO - Process each file at most once every 30 seconds
[2026-06-18T07:26:23.182+0000] {manager.py:472} INFO - Checking for new files in /opt/airflow/dags every 300 seconds
[2026-06-18T07:26:23.182+0000] {manager.py:737} INFO - Searching for files in /opt/airflow/dags
[2026-06-18T07:26:23.183+0000] {manager.py:740} INFO - There are 0 files in /opt/airflow/dags
[2026-06-18T07:30:28.925+0000] {manager.py:452} INFO - Exiting gracefully upon receiving signal 15
[2026-06-18T07:37:50.055+0000] {manager.py:470} INFO - Processing files using up to 2 processes at a time 
[2026-06-18T07:37:50.055+0000] {manager.py:471} INFO - Process each file at most once every 30 seconds
[2026-06-18T07:37:50.055+0000] {manager.py:472} INFO - Checking for new files in /opt/airflow/dags every 300 seconds
[2026-06-18T07:37:50.055+0000] {manager.py:737} INFO - Searching for files in /opt/airflow/dags
[2026-06-18T07:37:50.056+0000] {manager.py:740} INFO - There are 0 files in /opt/airflow/dags
[2026-06-18T07:42:50.448+0000] {manager.py:737} INFO - Searching for files in /opt/airflow/dags
[2026-06-18T07:42:50.450+0000] {manager.py:740} INFO - There are 0 files in /opt/airflow/dags
[2026-06-18T07:47:50.839+0000] {manager.py:737} INFO - Searching for files in /opt/airflow/dags
[2026-06-18T07:47:50.842+0000] {manager.py:740} INFO - There are 0 files in /opt/airflow/dags
[2026-06-18T07:52:51.198+0000] {manager.py:737} INFO - Searching for files in /opt/airflow/dags
[2026-06-18T07:52:51.200+0000] {manager.py:740} INFO - There are 1 files in /opt/airflow/dags
[2026-06-18T07:52:54.263+0000] {manager.py:878} INFO - 
================================================================================
DAG File Processing Stats

File Path                  PID    Runtime      # DAGs    # Errors  Last Runtime    Last Run
-------------------------  -----  ---------  --------  ----------  --------------  -------------------
/opt/airflow/dags/main.py                           0           1  0.12s           2026-06-18T07:52:51
================================================================================
[2026-06-18T07:53:24.471+0000] {manager.py:878} INFO - 
================================================================================
DAG File Processing Stats

File Path                  PID    Runtime      # DAGs    # Errors  Last Runtime    Last Run
-------------------------  -----  ---------  --------  ----------  --------------  -------------------
/opt/airflow/dags/main.py                           0           1  0.08s           2026-06-18T07:53:21
================================================================================
[2026-06-18T07:53:54.654+0000] {manager.py:878} INFO - 
================================================================================
DAG File Processing Stats

File Path                  PID    Runtime      # DAGs    # Errors  Last Runtime    Last Run
-------------------------  -----  ---------  --------  ----------  --------------  -------------------
/opt/airflow/dags/main.py                           0           1  0.08s           2026-06-18T07:53:38
================================================================================
[2026-06-18T07:54:24.829+0000] {manager.py:878} INFO - 
================================================================================
DAG File Processing Stats

File Path                  PID    Runtime      # DAGs    # Errors  Last Runtime    Last Run
-------------------------  -----  ---------  --------  ----------  --------------  -------------------
/opt/airflow/dags/main.py                           0           1  0.08s           2026-06-18T07:54:08
================================================================================
[2026-06-18T07:54:55.015+0000] {manager.py:878} INFO - 
================================================================================
DAG File Processing Stats

File Path                  PID    Runtime      # DAGs    # Errors  Last Runtime    Last Run
-------------------------  -----  ---------  --------  ----------  --------------  -------------------
/opt/airflow/dags/main.py                           0           1  0.08s           2026-06-18T07:54:38
================================================================================
[2026-06-18T07:55:25.183+0000] {manager.py:878} INFO - 
================================================================================
DAG File Processing Stats

File Path                  PID    Runtime      # DAGs    # Errors  Last Runtime    Last Run
-------------------------  -----  ---------  --------  ----------  --------------  -------------------
/opt/airflow/dags/main.py                           0           1  0.08s           2026-06-18T07:55:09
================================================================================
[2026-06-18T07:55:55.371+0000] {manager.py:878} INFO - 
================================================================================
DAG File Processing Stats

File Path                  PID    Runtime      # DAGs    # Errors  Last Runtime    Last Run
-------------------------  -----  ---------  --------  ----------  --------------  -------------------
/opt/airflow/dags/main.py                           0           1  0.08s           2026-06-18T07:55:39
================================================================================
[2026-06-18T07:56:25.523+0000] {manager.py:878} INFO - 
================================================================================
DAG File Processing Stats

File Path                  PID    Runtime      # DAGs    # Errors  Last Runtime    Last Run
-------------------------  -----  ---------  --------  ----------  --------------  -------------------
/opt/airflow/dags/main.py                           0           1  0.06s           2026-06-18T07:56:09
================================================================================
[2026-06-18T07:56:55.691+0000] {manager.py:878} INFO - 
================================================================================
DAG File Processing Stats

File Path                  PID    Runtime      # DAGs    # Errors  Last Runtime    Last Run
-------------------------  -----  ---------  --------  ----------  --------------  -------------------
/opt/airflow/dags/main.py                           0           1  0.07s           2026-06-18T07:56:39
================================================================================
[2026-06-18T07:57:25.859+0000] {manager.py:878} INFO - 
================================================================================
DAG File Processing Stats

File Path                  PID    Runtime      # DAGs    # Errors  Last Runtime    Last Run
-------------------------  -----  ---------  --------  ----------  --------------  -------------------
/opt/airflow/dags/main.py                           0           1  0.08s           2026-06-18T07:57:09
================================================================================
[2026-06-18T07:57:52.010+0000] {manager.py:737} INFO - Searching for files in /opt/airflow/dags
[2026-06-18T07:57:52.011+0000] {manager.py:740} INFO - There are 1 files in /opt/airflow/dags
[2026-06-18T07:57:56.035+0000] {manager.py:878} INFO - 
================================================================================
DAG File Processing Stats

File Path                  PID    Runtime      # DAGs    # Errors  Last Runtime    Last Run
-------------------------  -----  ---------  --------  ----------  --------------  -------------------
/opt/airflow/dags/main.py                           0           1  0.08s           2026-06-18T07:57:39
================================================================================
[2026-06-18T07:58:26.240+0000] {manager.py:878} INFO - 
================================================================================
DAG File Processing Stats

File Path                  PID    Runtime      # DAGs    # Errors  Last Runtime    Last Run
-------------------------  -----  ---------  --------  ----------  --------------  -------------------
/opt/airflow/dags/main.py                           0           1  0.07s           2026-06-18T07:58:17
================================================================================
[2026-06-18T07:58:56.468+0000] {manager.py:878} INFO - 
================================================================================
DAG File Processing Stats

File Path                  PID    Runtime      # DAGs    # Errors  Last Runtime    Last Run
-------------------------  -----  ---------  --------  ----------  --------------  -------------------
/opt/airflow/dags/main.py                           0           1  0.08s           2026-06-18T07:58:51
================================================================================
[2026-06-18T07:59:26.641+0000] {manager.py:878} INFO - 
================================================================================
DAG File Processing Stats

File Path                  PID    Runtime      # DAGs    # Errors  Last Runtime    Last Run
-------------------------  -----  ---------  --------  ----------  --------------  -------------------
/opt/airflow/dags/main.py                           0           1  0.08s           2026-06-18T07:59:21
================================================================================
[2026-06-18T07:59:56.820+0000] {manager.py:878} INFO - 
================================================================================
DAG File Processing Stats

File Path                  PID    Runtime      # DAGs    # Errors  Last Runtime    Last Run
-------------------------  -----  ---------  --------  ----------  --------------  -------------------
/opt/airflow/dags/main.py                           0           1  0.07s           2026-06-18T07:59:51
================================================================================
[2026-06-18T08:00:26.983+0000] {manager.py:878} INFO - 
================================================================================
DAG File Processing Stats

File Path                  PID    Runtime      # DAGs    # Errors  Last Runtime    Last Run
-------------------------  -----  ---------  --------  ----------  --------------  -------------------
/opt/airflow/dags/main.py                           0           1  0.08s           2026-06-18T08:00:22
================================================================================
[2026-06-18T08:00:57.180+0000] {manager.py:878} INFO - 
================================================================================
DAG File Processing Stats

File Path                  PID    Runtime      # DAGs    # Errors  Last Runtime    Last Run
-------------------------  -----  ---------  --------  ----------  --------------  -------------------
/opt/airflow/dags/main.py                           0           1  0.07s           2026-06-18T08:00:52
================================================================================
[2026-06-18T08:01:27.341+0000] {manager.py:878} INFO - 
================================================================================
DAG File Processing Stats

File Path                  PID    Runtime      # DAGs    # Errors  Last Runtime    Last Run
-------------------------  -----  ---------  --------  ----------  --------------  -------------------
/opt/airflow/dags/main.py                           0           1  0.07s           2026-06-18T08:01:22
================================================================================
[2026-06-18T08:01:57.533+0000] {manager.py:878} INFO - 
================================================================================
DAG File Processing Stats

File Path                  PID    Runtime      # DAGs    # Errors  Last Runtime    Last Run
-------------------------  -----  ---------  --------  ----------  --------------  -------------------
/opt/airflow/dags/main.py                           0           1  0.07s           2026-06-18T08:01:52
================================================================================
[2026-06-18T08:02:27.700+0000] {manager.py:878} INFO - 
================================================================================
DAG File Processing Stats

File Path                  PID    Runtime      # DAGs    # Errors  Last Runtime    Last Run
-------------------------  -----  ---------  --------  ----------  --------------  -------------------
/opt/airflow/dags/main.py                           0           1  0.07s           2026-06-18T08:02:22
================================================================================
[2026-06-18T08:02:52.808+0000] {manager.py:737} INFO - Searching for files in /opt/airflow/dags
[2026-06-18T08:02:52.813+0000] {manager.py:740} INFO - There are 1 files in /opt/airflow/dags
[2026-06-18T08:02:57.878+0000] {manager.py:878} INFO - 
================================================================================
DAG File Processing Stats

File Path                  PID    Runtime      # DAGs    # Errors  Last Runtime    Last Run
-------------------------  -----  ---------  --------  ----------  --------------  -------------------
/opt/airflow/dags/main.py                           0           1  0.08s           2026-06-18T08:02:52
================================================================================
[2026-06-18T08:03:28.054+0000] {manager.py:878} INFO - 
================================================================================
DAG File Processing Stats

File Path                  PID    Runtime      # DAGs    # Errors  Last Runtime    Last Run
-------------------------  -----  ---------  --------  ----------  --------------  -------------------
/opt/airflow/dags/main.py                           0           1  0.08s           2026-06-18T08:03:23
================================================================================
[2026-06-18T08:03:58.226+0000] {manager.py:878} INFO - 
================================================================================
DAG File Processing Stats

File Path                  PID    Runtime      # DAGs    # Errors  Last Runtime    Last Run
-------------------------  -----  ---------  --------  ----------  --------------  -------------------
/opt/airflow/dags/main.py                           0           1  0.08s           2026-06-18T08:03:53
================================================================================
[2026-06-18T08:04:28.407+0000] {manager.py:878} INFO - 
================================================================================
DAG File Processing Stats

File Path                  PID    Runtime      # DAGs    # Errors  Last Runtime    Last Run
-------------------------  -----  ---------  --------  ----------  --------------  -------------------
/opt/airflow/dags/main.py                           0           1  0.08s           2026-06-18T08:04:23
================================================================================
[2026-06-18T08:04:58.584+0000] {manager.py:878} INFO - 
================================================================================
DAG File Processing Stats

File Path                  PID    Runtime      # DAGs    # Errors  Last Runtime    Last Run
-------------------------  -----  ---------  --------  ----------  --------------  -------------------
/opt/airflow/dags/main.py                           0           1  0.07s           2026-06-18T08:04:53
================================================================================
[2026-06-18T08:05:28.756+0000] {manager.py:878} INFO - 
================================================================================
DAG File Processing Stats

File Path                  PID    Runtime      # DAGs    # Errors  Last Runtime    Last Run
-------------------------  -----  ---------  --------  ----------  --------------  -------------------
/opt/airflow/dags/main.py                           0           1  0.08s           2026-06-18T08:05:23
================================================================================
[2026-06-18T08:05:58.940+0000] {manager.py:878} INFO - 
================================================================================
DAG File Processing Stats

File Path                  PID    Runtime      # DAGs    # Errors  Last Runtime    Last Run
-------------------------  -----  ---------  --------  ----------  --------------  -------------------
/opt/airflow/dags/main.py                           0           1  0.07s           2026-06-18T08:05:53
================================================================================
[2026-06-18T08:06:29.114+0000] {manager.py:878} INFO - 
================================================================================
DAG File Processing Stats

File Path                  PID    Runtime      # DAGs    # Errors  Last Runtime    Last Run
-------------------------  -----  ---------  --------  ----------  --------------  -------------------
/opt/airflow/dags/main.py                           0           1  0.08s           2026-06-18T08:06:24
================================================================================
[2026-06-18T08:06:59.296+0000] {manager.py:878} INFO - 
================================================================================
DAG File Processing Stats

File Path                  PID    Runtime      # DAGs    # Errors  Last Runtime    Last Run
-------------------------  -----  ---------  --------  ----------  --------------  -------------------
/opt/airflow/dags/main.py                           0           1  0.08s           2026-06-18T08:06:54
================================================================================
[2026-06-18T08:07:29.469+0000] {manager.py:878} INFO - 
================================================================================
DAG File Processing Stats

File Path                  PID    Runtime      # DAGs    # Errors  Last Runtime    Last Run
-------------------------  -----  ---------  --------  ----------  --------------  -------------------
/opt/airflow/dags/main.py                           0           1  0.08s           2026-06-18T08:07:24
================================================================================
[2026-06-18T08:07:53.596+0000] {manager.py:737} INFO - Searching for files in /opt/airflow/dags
[2026-06-18T08:07:53.598+0000] {manager.py:740} INFO - There are 1 files in /opt/airflow/dags
[2026-06-18T08:07:59.674+0000] {manager.py:878} INFO - 
================================================================================
DAG File Processing Stats

File Path                  PID    Runtime      # DAGs    # Errors  Last Runtime    Last Run
-------------------------  -----  ---------  --------  ----------  --------------  -------------------
/opt/airflow/dags/main.py                           0           1  0.07s           2026-06-18T08:07:54
================================================================================
[2026-06-18T08:08:10.319+0000] {manager.py:452} INFO - Exiting gracefully upon receiving signal 15
[2026-06-18T08:08:56.702+0000] {manager.py:470} INFO - Processing files using up to 2 processes at a time 
[2026-06-18T08:08:56.703+0000] {manager.py:471} INFO - Process each file at most once every 30 seconds
[2026-06-18T08:08:56.703+0000] {manager.py:472} INFO - Checking for new files in /opt/airflow/dags every 300 seconds
[2026-06-18T08:08:56.703+0000] {manager.py:737} INFO - Searching for files in /opt/airflow/dags
[2026-06-18T08:08:56.705+0000] {manager.py:740} INFO - There are 1 files in /opt/airflow/dags
[2026-06-18T08:08:56.768+0000] {manager.py:878} INFO - 
================================================================================
DAG File Processing Stats

File Path                    PID  Runtime      # DAGs    # Errors  Last Runtime    Last Run
-------------------------  -----  ---------  --------  ----------  --------------  ----------
/opt/airflow/dags/main.py     57  0.04s             0           0
================================================================================
[2026-06-18T08:09:26.905+0000] {manager.py:878} INFO - 
================================================================================
DAG File Processing Stats

File Path                  PID    Runtime      # DAGs    # Errors  Last Runtime    Last Run
-------------------------  -----  ---------  --------  ----------  --------------  -------------------
/opt/airflow/dags/main.py                           1           0  0.39s           2026-06-18T08:08:57
================================================================================
[2026-06-18T08:09:57.397+0000] {manager.py:878} INFO - 
================================================================================
DAG File Processing Stats

File Path                    PID  Runtime      # DAGs    # Errors  Last Runtime    Last Run
-------------------------  -----  ---------  --------  ----------  --------------  -------------------
/opt/airflow/dags/main.py     71  0.01s             1           0  0.11s           2026-06-18T08:09:27
================================================================================
[2026-06-18T08:10:27.642+0000] {manager.py:878} INFO - 
================================================================================
DAG File Processing Stats

File Path                    PID  Runtime      # DAGs    # Errors  Last Runtime    Last Run
-------------------------  -----  ---------  --------  ----------  --------------  -------------------
/opt/airflow/dags/main.py     78  0.01s             1           0  0.11s           2026-06-18T08:09:57
================================================================================
[2026-06-18T08:10:57.812+0000] {manager.py:878} INFO - 
================================================================================
DAG File Processing Stats

File Path                    PID  Runtime      # DAGs    # Errors  Last Runtime    Last Run
-------------------------  -----  ---------  --------  ----------  --------------  -------------------
/opt/airflow/dags/main.py     85  0.01s             1           0  0.11s           2026-06-18T08:10:27
================================================================================
[2026-06-18T08:11:28.008+0000] {manager.py:878} INFO - 
================================================================================
DAG File Processing Stats

File Path                    PID  Runtime      # DAGs    # Errors  Last Runtime    Last Run
-------------------------  -----  ---------  --------  ----------  --------------  -------------------
/opt/airflow/dags/main.py     92  0.01s             1           0  0.11s           2026-06-18T08:10:57
================================================================================
[2026-06-18T08:11:58.169+0000] {manager.py:878} INFO - 
================================================================================
DAG File Processing Stats

File Path                    PID  Runtime      # DAGs    # Errors  Last Runtime    Last Run
-------------------------  -----  ---------  --------  ----------  --------------  -------------------
/opt/airflow/dags/main.py     99  0.01s             1           0  0.11s           2026-06-18T08:11:28
================================================================================
[2026-06-18T08:12:28.375+0000] {manager.py:878} INFO - 
================================================================================
DAG File Processing Stats

File Path                    PID  Runtime      # DAGs    # Errors  Last Runtime    Last Run
-------------------------  -----  ---------  --------  ----------  --------------  -------------------
/opt/airflow/dags/main.py    106  0.01s             1           0  0.11s           2026-06-18T08:11:58
================================================================================
[2026-06-18T08:12:58.558+0000] {manager.py:878} INFO - 
================================================================================
DAG File Processing Stats

File Path                    PID  Runtime      # DAGs    # Errors  Last Runtime    Last Run
-------------------------  -----  ---------  --------  ----------  --------------  -------------------
/opt/airflow/dags/main.py    113  0.01s             1           0  0.12s           2026-06-18T08:12:28
================================================================================
[2026-06-18T08:13:28.771+0000] {manager.py:878} INFO - 
================================================================================
DAG File Processing Stats

File Path                    PID  Runtime      # DAGs    # Errors  Last Runtime    Last Run
-------------------------  -----  ---------  --------  ----------  --------------  -------------------
/opt/airflow/dags/main.py    120  0.01s             1           0  0.12s           2026-06-18T08:12:58
================================================================================
[2026-06-18T08:13:56.912+0000] {manager.py:737} INFO - Searching for files in /opt/airflow/dags
[2026-06-18T08:13:56.916+0000] {manager.py:740} INFO - There are 1 files in /opt/airflow/dags
[2026-06-18T08:13:58.959+0000] {manager.py:878} INFO - 
================================================================================
DAG File Processing Stats

File Path                    PID  Runtime      # DAGs    # Errors  Last Runtime    Last Run
-------------------------  -----  ---------  --------  ----------  --------------  -------------------
/opt/airflow/dags/main.py    127  0.01s             1           0  0.12s           2026-06-18T08:13:28
================================================================================
[2026-06-18T08:14:29.164+0000] {manager.py:878} INFO - 
================================================================================
DAG File Processing Stats

File Path                    PID  Runtime      # DAGs    # Errors  Last Runtime    Last Run
-------------------------  -----  ---------  --------  ----------  --------------  -------------------
/opt/airflow/dags/main.py    134  0.01s             1           0  0.12s           2026-06-18T08:13:59
================================================================================
[2026-06-18T08:14:59.365+0000] {manager.py:878} INFO - 
================================================================================
DAG File Processing Stats

File Path                    PID  Runtime      # DAGs    # Errors  Last Runtime    Last Run
-------------------------  -----  ---------  --------  ----------  --------------  -------------------
/opt/airflow/dags/main.py    141  0.01s             1           0  0.11s           2026-06-18T08:14:29
================================================================================
[2026-06-18T08:15:29.555+0000] {manager.py:878} INFO - 
================================================================================
DAG File Processing Stats

File Path                    PID  Runtime      # DAGs    # Errors  Last Runtime    Last Run
-------------------------  -----  ---------  --------  ----------  --------------  -------------------
/opt/airflow/dags/main.py    148  0.01s             1           0  0.12s           2026-06-18T08:14:59
================================================================================
[2026-06-18T08:15:59.748+0000] {manager.py:878} INFO - 
================================================================================
DAG File Processing Stats

File Path                    PID  Runtime      # DAGs    # Errors  Last Runtime    Last Run
-------------------------  -----  ---------  --------  ----------  --------------  -------------------
/opt/airflow/dags/main.py    155  0.01s             1           0  0.12s           2026-06-18T08:15:29
================================================================================
[2026-06-18T08:16:29.925+0000] {manager.py:878} INFO - 
================================================================================
DAG File Processing Stats

File Path                    PID  Runtime      # DAGs    # Errors  Last Runtime    Last Run
-------------------------  -----  ---------  --------  ----------  --------------  -------------------
/opt/airflow/dags/main.py    162  0.01s             1           0  0.12s           2026-06-18T08:15:59
================================================================================
[2026-06-18T08:17:00.105+0000] {manager.py:878} INFO - 
================================================================================
DAG File Processing Stats

File Path                    PID  Runtime      # DAGs    # Errors  Last Runtime    Last Run
-------------------------  -----  ---------  --------  ----------  --------------  -------------------
/opt/airflow/dags/main.py    169  0.01s             1           0  0.13s           2026-06-18T08:16:30
================================================================================
[2026-06-18T08:17:30.302+0000] {manager.py:878} INFO - 
================================================================================
DAG File Processing Stats

File Path                    PID  Runtime      # DAGs    # Errors  Last Runtime    Last Run
-------------------------  -----  ---------  --------  ----------  --------------  -------------------
/opt/airflow/dags/main.py    176  0.01s             1           0  0.11s           2026-06-18T08:17:00
================================================================================
[2026-06-18T08:18:00.493+0000] {manager.py:878} INFO - 
================================================================================
DAG File Processing Stats

File Path                    PID  Runtime      # DAGs    # Errors  Last Runtime    Last Run
-------------------------  -----  ---------  --------  ----------  --------------  -------------------
/opt/airflow/dags/main.py    183  0.01s             1           0  0.12s           2026-06-18T08:17:30
================================================================================
[2026-06-18T08:18:30.705+0000] {manager.py:878} INFO - 
================================================================================
DAG File Processing Stats

File Path                    PID  Runtime      # DAGs    # Errors  Last Runtime    Last Run
-------------------------  -----  ---------  --------  ----------  --------------  -------------------
/opt/airflow/dags/main.py    191  0.01s             1           0  0.12s           2026-06-18T08:18:00
================================================================================
[2026-06-18T08:18:57.844+0000] {manager.py:737} INFO - Searching for files in /opt/airflow/dags
[2026-06-18T08:18:57.849+0000] {manager.py:740} INFO - There are 1 files in /opt/airflow/dags
[2026-06-18T08:19:00.895+0000] {manager.py:878} INFO - 
================================================================================
DAG File Processing Stats

File Path                    PID  Runtime      # DAGs    # Errors  Last Runtime    Last Run
-------------------------  -----  ---------  --------  ----------  --------------  -------------------
/opt/airflow/dags/main.py    198  0.01s             1           0  0.12s           2026-06-18T08:18:30
================================================================================
